[rank0]:[W707 07:28:41.339369388 ProcessGroupNCCL.cpp:4115] [PG ID 0 PG GUID 0 Rank 0]  using GPU 0 to perform barrier as devices used by this process are currently unknown. This can potentially cause a hang if this rank to GPU mapping is incorrect.Specify device_ids in barrier() to force use of a particular device,or call init_process_group() with a device_id.
args: Namespace(output_path='/data/zengxin/zwt/face_study/outputs/official_vbench_v1_consisid/consisid_official_vbench_v1_single_20260705_155651/evaluation/appearance_style', full_json_dir='/data/zengxin/zwt/external/VBench-v1/vbench/VBench_full_info.json', videos_path='/data/zengxin/zwt/face_study/data/generated_official_vbench/consisid_official_vbench_v1_single_20260705_155651_standard_names', dimension=['appearance_style'], load_ckpt_from_local=None, read_frame=None, mode='vbench_standard', prompt='None', prompt_file=None, category=None, imaging_quality_preprocessing_mode='longer')
start evaluation
WARNING!!! This required video is not found! Missing benchmark videos can lead to unfair evaluation result. The missing video is: A beautiful coastal beach in spring, waves lapping on sand, Van Gogh style-1.mp4
WARNING!!! This required video is not found! Missing benchmark videos can lead to unfair evaluation result. The missing video is: A beautiful coastal beach in spring, waves lapping on sand, Van Gogh style-2.mp4
WARNING!!! This required video is not found! Missing benchmark videos can lead to unfair evaluation result. The missing video is: A beautiful coastal beach in spring, waves lapping on sand, Van Gogh style-3.mp4
WARNING!!! This required video is not found! Missing benchmark videos can lead to unfair evaluation result. The missing video is: A beautiful coastal beach in spring, waves lapping on sand, Van Gogh style-4.mp4
WARNING!!! This required video is not found! Missing benchmark videos can lead to unfair evaluation result. The missing video is: A beautiful coastal beach in spring, waves lapping on sand, oil painting-1.mp4
WARNING!!! This required video is not found! Missing benchmark videos can lead to unfair evaluation result. The missing video is: A beautiful coastal beach in spring, waves lapping on sand, oil painting-2.mp4
WARNING!!! This required video is not found! Missing benchmark videos can lead to unfair evaluation result. The missing video is: A beautiful coastal beach in spring, waves lapping on sand, oil painting-3.mp4
WARNING!!! This required video is not found! Missing benchmark videos can lead to unfair evaluation result. The missing video is: A beautiful coastal beach in spring, waves lapping on sand, oil painting-4.mp4
WARNING!!! This required video is not found! Missing benchmark videos can lead to unfair evaluation result. The missing video is: A beautiful coastal beach in spring, waves lapping on sand by Hokusai, in the style of Ukiyo-1.mp4
WARNING!!! This required video is not found! Missing benchmark videos can lead to unfair evaluation result. The missing video is: A beautiful coastal beach in spring, waves lapping on sand by Hokusai, in the style of Ukiyo-2.mp4
WARNING!!! This required video is not found! Missing benchmark videos can lead to unfair evaluation result. The missing video is: A beautiful coastal beach in spring, waves lapping on sand by Hokusai, in the style of Ukiyo-3.mp4
WARNING!!! This required video is not found! Missing benchmark videos can lead to unfair evaluation result. The missing video is: A beautiful coastal beach in spring, waves lapping on sand by Hokusai, in the style of Ukiyo-4.mp4
WARNING!!! This required video is not found! Missing benchmark videos can lead to unfair evaluation result. The missing video is: A beautiful coastal beach in spring, waves lapping on sand, black and white-1.mp4
WARNING!!! This required video is not found! Missing benchmark videos can lead to unfair evaluation result. The missing video is: A beautiful coastal beach in spring, waves lapping on sand, black and white-2.mp4
WARNING!!! This required video is not found! Missing benchmark videos can lead to unfair evaluation result. The missing video is: A beautiful coastal beach in spring, waves lapping on sand, black and white-3.mp4
WARNING!!! This required video is not found! Missing benchmark videos can lead to unfair evaluation result. The missing video is: A beautiful coastal beach in spring, waves lapping on sand, black and white-4.mp4
WARNING!!! This required video is not found! Missing benchmark videos can lead to unfair evaluation result. The missing video is: A beautiful coastal beach in spring, waves lapping on sand, pixel art-1.mp4
WARNING!!! This required video is not found! Missing benchmark videos can lead to unfair evaluation result. The missing video is: A beautiful coastal beach in spring, waves lapping on sand, pixel art-2.mp4
WARNING!!! This required video is not found! Missing benchmark videos can lead to unfair evaluation result. The missing video is: A beautiful coastal beach in spring, waves lapping on sand, pixel art-3.mp4
WARNING!!! This required video is not found! Missing benchmark videos can lead to unfair evaluation result. The missing video is: A beautiful coastal beach in spring, waves lapping on sand, pixel art-4.mp4
WARNING!!! This required video is not found! Missing benchmark videos can lead to unfair evaluation result. The missing video is: A beautiful coastal beach in spring, waves lapping on sand, in cyberpunk style-1.mp4
WARNING!!! This required video is not found! Missing benchmark videos can lead to unfair evaluation result. The missing video is: A beautiful coastal beach in spring, waves lapping on sand, in cyberpunk style-2.mp4
WARNING!!! This required video is not found! Missing benchmark videos can lead to unfair evaluation result. The missing video is: A beautiful coastal beach in spring, waves lapping on sand, in cyberpunk style-3.mp4
WARNING!!! This required video is not found! Missing benchmark videos can lead to unfair evaluation result. The missing video is: A beautiful coastal beach in spring, waves lapping on sand, in cyberpunk style-4.mp4
WARNING!!! This required video is not found! Missing benchmark videos can lead to unfair evaluation result. The missing video is: A beautiful coastal beach in spring, waves lapping on sand, animated style-1.mp4
WARNING!!! This required video is not found! Missing benchmark videos can lead to unfair evaluation result. The missing video is: A beautiful coastal beach in spring, waves lapping on sand, animated style-2.mp4
WARNING!!! This required video is not found! Missing benchmark videos can lead to unfair evaluation result. The missing video is: A beautiful coastal beach in spring, waves lapping on sand, animated style-3.mp4
WARNING!!! This required video is not found! Missing benchmark videos can lead to unfair evaluation result. The missing video is: A beautiful coastal beach in spring, waves lapping on sand, animated style-4.mp4
WARNING!!! This required video is not found! Missing benchmark videos can lead to unfair evaluation result. The missing video is: A beautiful coastal beach in spring, waves lapping on sand, watercolor painting-1.mp4
WARNING!!! This required video is not found! Missing benchmark videos can lead to unfair evaluation result. The missing video is: A beautiful coastal beach in spring, waves lapping on sand, watercolor painting-2.mp4
WARNING!!! This required video is not found! Missing benchmark videos can lead to unfair evaluation result. The missing video is: A beautiful coastal beach in spring, waves lapping on sand, watercolor painting-3.mp4
WARNING!!! This required video is not found! Missing benchmark videos can lead to unfair evaluation result. The missing video is: A beautiful coastal beach in spring, waves lapping on sand, watercolor painting-4.mp4
WARNING!!! This required video is not found! Missing benchmark videos can lead to unfair evaluation result. The missing video is: A beautiful coastal beach in spring, waves lapping on sand, surrealism style-1.mp4
WARNING!!! This required video is not found! Missing benchmark videos can lead to unfair evaluation result. The missing video is: A beautiful coastal beach in spring, waves lapping on sand, surrealism style-2.mp4
WARNING!!! This required video is not found! Missing benchmark videos can lead to unfair evaluation result. The missing video is: A beautiful coastal beach in spring, waves lapping on sand, surrealism style-3.mp4
WARNING!!! This required video is not found! Missing benchmark videos can lead to unfair evaluation result. The missing video is: A beautiful coastal beach in spring, waves lapping on sand, surrealism style-4.mp4
WARNING!!! This required video is not found! Missing benchmark videos can lead to unfair evaluation result. The missing video is: The bund Shanghai, Van Gogh style-1.mp4
WARNING!!! This required video is not found! Missing benchmark videos can lead to unfair evaluation result. The missing video is: The bund Shanghai, Van Gogh style-2.mp4
WARNING!!! This required video is not found! Missing benchmark videos can lead to unfair evaluation result. The missing video is: The bund Shanghai, Van Gogh style-3.mp4
WARNING!!! This required video is not found! Missing benchmark videos can lead to unfair evaluation result. The missing video is: The bund Shanghai, Van Gogh style-4.mp4
WARNING!!! This required video is not found! Missing benchmark videos can lead to unfair evaluation result. The missing video is: The bund Shanghai, oil painting-1.mp4
WARNING!!! This required video is not found! Missing benchmark videos can lead to unfair evaluation result. The missing video is: The bund Shanghai, oil painting-2.mp4
WARNING!!! This required video is not found! Missing benchmark videos can lead to unfair evaluation result. The missing video is: The bund Shanghai, oil painting-3.mp4
WARNING!!! This required video is not found! Missing benchmark videos can lead to unfair evaluation result. The missing video is: The bund Shanghai, oil painting-4.mp4
WARNING!!! This required video is not found! Missing benchmark videos can lead to unfair evaluation result. The missing video is: The bund Shanghai by Hokusai, in the style of Ukiyo-1.mp4
WARNING!!! This required video is not found! Missing benchmark videos can lead to unfair evaluation result. The missing video is: The bund Shanghai by Hokusai, in the style of Ukiyo-2.mp4
WARNING!!! This required video is not found! Missing benchmark videos can lead to unfair evaluation result. The missing video is: The bund Shanghai by Hokusai, in the style of Ukiyo-3.mp4
WARNING!!! This required video is not found! Missing benchmark videos can lead to unfair evaluation result. The missing video is: The bund Shanghai by Hokusai, in the style of Ukiyo-4.mp4
WARNING!!! This required video is not found! Missing benchmark videos can lead to unfair evaluation result. The missing video is: The bund Shanghai, black and white-1.mp4
WARNING!!! This required video is not found! Missing benchmark videos can lead to unfair evaluation result. The missing video is: The bund Shanghai, black and white-2.mp4
WARNING!!! This required video is not found! Missing benchmark videos can lead to unfair evaluation result. The missing video is: The bund Shanghai, black and white-3.mp4
WARNING!!! This required video is not found! Missing benchmark videos can lead to unfair evaluation result. The missing video is: The bund Shanghai, black and white-4.mp4
WARNING!!! This required video is not found! Missing benchmark videos can lead to unfair evaluation result. The missing video is: The bund Shanghai, pixel art-1.mp4
WARNING!!! This required video is not found! Missing benchmark videos can lead to unfair evaluation result. The missing video is: The bund Shanghai, pixel art-2.mp4
WARNING!!! This required video is not found! Missing benchmark videos can lead to unfair evaluation result. The missing video is: The bund Shanghai, pixel art-3.mp4
WARNING!!! This required video is not found! Missing benchmark videos can lead to unfair evaluation result. The missing video is: The bund Shanghai, pixel art-4.mp4
WARNING!!! This required video is not found! Missing benchmark videos can lead to unfair evaluation result. The missing video is: The bund Shanghai, in cyberpunk style-1.mp4
WARNING!!! This required video is not found! Missing benchmark videos can lead to unfair evaluation result. The missing video is: The bund Shanghai, in cyberpunk style-2.mp4
WARNING!!! This required video is not found! Missing benchmark videos can lead to unfair evaluation result. The missing video is: The bund Shanghai, in cyberpunk style-3.mp4
WARNING!!! This required video is not found! Missing benchmark videos can lead to unfair evaluation result. The missing video is: The bund Shanghai, in cyberpunk style-4.mp4
WARNING!!! This required video is not found! Missing benchmark videos can lead to unfair evaluation result. The missing video is: The bund Shanghai, animated style-1.mp4
WARNING!!! This required video is not found! Missing benchmark videos can lead to unfair evaluation result. The missing video is: The bund Shanghai, animated style-2.mp4
WARNING!!! This required video is not found! Missing benchmark videos can lead to unfair evaluation result. The missing video is: The bund Shanghai, animated style-3.mp4
WARNING!!! This required video is not found! Missing benchmark videos can lead to unfair evaluation result. The missing video is: The bund Shanghai, animated style-4.mp4
WARNING!!! This required video is not found! Missing benchmark videos can lead to unfair evaluation result. The missing video is: The bund Shanghai, watercolor painting-1.mp4
WARNING!!! This required video is not found! Missing benchmark videos can lead to unfair evaluation result. The missing video is: The bund Shanghai, watercolor painting-2.mp4
WARNING!!! This required video is not found! Missing benchmark videos can lead to unfair evaluation result. The missing video is: The bund Shanghai, watercolor painting-3.mp4
WARNING!!! This required video is not found! Missing benchmark videos can lead to unfair evaluation result. The missing video is: The bund Shanghai, watercolor painting-4.mp4
WARNING!!! This required video is not found! Missing benchmark videos can lead to unfair evaluation result. The missing video is: The bund Shanghai, surrealism style-1.mp4
WARNING!!! This required video is not found! Missing benchmark videos can lead to unfair evaluation result. The missing video is: The bund Shanghai, surrealism style-2.mp4
WARNING!!! This required video is not found! Missing benchmark videos can lead to unfair evaluation result. The missing video is: The bund Shanghai, surrealism style-3.mp4
WARNING!!! This required video is not found! Missing benchmark videos can lead to unfair evaluation result. The missing video is: The bund Shanghai, surrealism style-4.mp4
WARNING!!! This required video is not found! Missing benchmark videos can lead to unfair evaluation result. The missing video is: a shark is swimming in the ocean, Van Gogh style-1.mp4
WARNING!!! This required video is not found! Missing benchmark videos can lead to unfair evaluation result. The missing video is: a shark is swimming in the ocean, Van Gogh style-2.mp4
WARNING!!! This required video is not found! Missing benchmark videos can lead to unfair evaluation result. The missing video is: a shark is swimming in the ocean, Van Gogh style-3.mp4
WARNING!!! This required video is not found! Missing benchmark videos can lead to unfair evaluation result. The missing video is: a shark is swimming in the ocean, Van Gogh style-4.mp4
WARNING!!! This required video is not found! Missing benchmark videos can lead to unfair evaluation result. The missing video is: a shark is swimming in the ocean, oil painting-1.mp4
WARNING!!! This required video is not found! Missing benchmark videos can lead to unfair evaluation result. The missing video is: a shark is swimming in the ocean, oil painting-2.mp4
WARNING!!! This required video is not found! Missing benchmark videos can lead to unfair evaluation result. The missing video is: a shark is swimming in the ocean, oil painting-3.mp4
WARNING!!! This required video is not found! Missing benchmark videos can lead to unfair evaluation result. The missing video is: a shark is swimming in the ocean, oil painting-4.mp4
WARNING!!! This required video is not found! Missing benchmark videos can lead to unfair evaluation result. The missing video is: a shark is swimming in the ocean by Hokusai, in the style of Ukiyo-1.mp4
WARNING!!! This required video is not found! Missing benchmark videos can lead to unfair evaluation result. The missing video is: a shark is swimming in the ocean by Hokusai, in the style of Ukiyo-2.mp4
WARNING!!! This required video is not found! Missing benchmark videos can lead to unfair evaluation result. The missing video is: a shark is swimming in the ocean by Hokusai, in the style of Ukiyo-3.mp4
WARNING!!! This required video is not found! Missing benchmark videos can lead to unfair evaluation result. The missing video is: a shark is swimming in the ocean by Hokusai, in the style of Ukiyo-4.mp4
WARNING!!! This required video is not found! Missing benchmark videos can lead to unfair evaluation result. The missing video is: a shark is swimming in the ocean, black and white-1.mp4
WARNING!!! This required video is not found! Missing benchmark videos can lead to unfair evaluation result. The missing video is: a shark is swimming in the ocean, black and white-2.mp4
WARNING!!! This required video is not found! Missing benchmark videos can lead to unfair evaluation result. The missing video is: a shark is swimming in the ocean, black and white-3.mp4
WARNING!!! This required video is not found! Missing benchmark videos can lead to unfair evaluation result. The missing video is: a shark is swimming in the ocean, black and white-4.mp4
WARNING!!! This required video is not found! Missing benchmark videos can lead to unfair evaluation result. The missing video is: a shark is swimming in the ocean, pixel art-1.mp4
WARNING!!! This required video is not found! Missing benchmark videos can lead to unfair evaluation result. The missing video is: a shark is swimming in the ocean, pixel art-2.mp4
WARNING!!! This required video is not found! Missing benchmark videos can lead to unfair evaluation result. The missing video is: a shark is swimming in the ocean, pixel art-3.mp4
WARNING!!! This required video is not found! Missing benchmark videos can lead to unfair evaluation result. The missing video is: a shark is swimming in the ocean, pixel art-4.mp4
WARNING!!! This required video is not found! Missing benchmark videos can lead to unfair evaluation result. The missing video is: a shark is swimming in the ocean, in cyberpunk style-1.mp4
WARNING!!! This required video is not found! Missing benchmark videos can lead to unfair evaluation result. The missing video is: a shark is swimming in the ocean, in cyberpunk style-2.mp4
WARNING!!! This required video is not found! Missing benchmark videos can lead to unfair evaluation result. The missing video is: a shark is swimming in the ocean, in cyberpunk style-3.mp4
WARNING!!! This required video is not found! Missing benchmark videos can lead to unfair evaluation result. The missing video is: a shark is swimming in the ocean, in cyberpunk style-4.mp4
WARNING!!! This required video is not found! Missing benchmark videos can lead to unfair evaluation result. The missing video is: a shark is swimming in the ocean, animated style-1.mp4
WARNING!!! This required video is not found! Missing benchmark videos can lead to unfair evaluation result. The missing video is: a shark is swimming in the ocean, animated style-2.mp4
WARNING!!! This required video is not found! Missing benchmark videos can lead to unfair evaluation result. The missing video is: a shark is swimming in the ocean, animated style-3.mp4
WARNING!!! This required video is not found! Missing benchmark videos can lead to unfair evaluation result. The missing video is: a shark is swimming in the ocean, animated style-4.mp4
WARNING!!! This required video is not found! Missing benchmark videos can lead to unfair evaluation result. The missing video is: a shark is swimming in the ocean, watercolor painting-1.mp4
WARNING!!! This required video is not found! Missing benchmark videos can lead to unfair evaluation result. The missing video is: a shark is swimming in the ocean, watercolor painting-2.mp4
WARNING!!! This required video is not found! Missing benchmark videos can lead to unfair evaluation result. The missing video is: a shark is swimming in the ocean, watercolor painting-3.mp4
WARNING!!! This required video is not found! Missing benchmark videos can lead to unfair evaluation result. The missing video is: a shark is swimming in the ocean, watercolor painting-4.mp4
WARNING!!! This required video is not found! Missing benchmark videos can lead to unfair evaluation result. The missing video is: a shark is swimming in the ocean, surrealism style-1.mp4
WARNING!!! This required video is not found! Missing benchmark videos can lead to unfair evaluation result. The missing video is: a shark is swimming in the ocean, surrealism style-2.mp4
WARNING!!! This required video is not found! Missing benchmark videos can lead to unfair evaluation result. The missing video is: a shark is swimming in the ocean, surrealism style-3.mp4
WARNING!!! This required video is not found! Missing benchmark videos can lead to unfair evaluation result. The missing video is: a shark is swimming in the ocean, surrealism style-4.mp4
WARNING!!! This required video is not found! Missing benchmark videos can lead to unfair evaluation result. The missing video is: A panda drinking coffee in a cafe in Paris, Van Gogh style-1.mp4
WARNING!!! This required video is not found! Missing benchmark videos can lead to unfair evaluation result. The missing video is: A panda drinking coffee in a cafe in Paris, Van Gogh style-2.mp4
WARNING!!! This required video is not found! Missing benchmark videos can lead to unfair evaluation result. The missing video is: A panda drinking coffee in a cafe in Paris, Van Gogh style-3.mp4
WARNING!!! This required video is not found! Missing benchmark videos can lead to unfair evaluation result. The missing video is: A panda drinking coffee in a cafe in Paris, Van Gogh style-4.mp4
WARNING!!! This required video is not found! Missing benchmark videos can lead to unfair evaluation result. The missing video is: A panda drinking coffee in a cafe in Paris, oil painting-1.mp4
WARNING!!! This required video is not found! Missing benchmark videos can lead to unfair evaluation result. The missing video is: A panda drinking coffee in a cafe in Paris, oil painting-2.mp4
WARNING!!! This required video is not found! Missing benchmark videos can lead to unfair evaluation result. The missing video is: A panda drinking coffee in a cafe in Paris, oil painting-3.mp4
WARNING!!! This required video is not found! Missing benchmark videos can lead to unfair evaluation result. The missing video is: A panda drinking coffee in a cafe in Paris, oil painting-4.mp4
WARNING!!! This required video is not found! Missing benchmark videos can lead to unfair evaluation result. The missing video is: A panda drinking coffee in a cafe in Paris by Hokusai, in the style of Ukiyo-1.mp4
WARNING!!! This required video is not found! Missing benchmark videos can lead to unfair evaluation result. The missing video is: A panda drinking coffee in a cafe in Paris by Hokusai, in the style of Ukiyo-2.mp4
WARNING!!! This required video is not found! Missing benchmark videos can lead to unfair evaluation result. The missing video is: A panda drinking coffee in a cafe in Paris by Hokusai, in the style of Ukiyo-3.mp4
WARNING!!! This required video is not found! Missing benchmark videos can lead to unfair evaluation result. The missing video is: A panda drinking coffee in a cafe in Paris by Hokusai, in the style of Ukiyo-4.mp4
WARNING!!! This required video is not found! Missing benchmark videos can lead to unfair evaluation result. The missing video is: A panda drinking coffee in a cafe in Paris, black and white-1.mp4
WARNING!!! This required video is not found! Missing benchmark videos can lead to unfair evaluation result. The missing video is: A panda drinking coffee in a cafe in Paris, black and white-2.mp4
WARNING!!! This required video is not found! Missing benchmark videos can lead to unfair evaluation result. The missing video is: A panda drinking coffee in a cafe in Paris, black and white-3.mp4
WARNING!!! This required video is not found! Missing benchmark videos can lead to unfair evaluation result. The missing video is: A panda drinking coffee in a cafe in Paris, black and white-4.mp4
WARNING!!! This required video is not found! Missing benchmark videos can lead to unfair evaluation result. The missing video is: A panda drinking coffee in a cafe in Paris, pixel art-1.mp4
WARNING!!! This required video is not found! Missing benchmark videos can lead to unfair evaluation result. The missing video is: A panda drinking coffee in a cafe in Paris, pixel art-2.mp4
WARNING!!! This required video is not found! Missing benchmark videos can lead to unfair evaluation result. The missing video is: A panda drinking coffee in a cafe in Paris, pixel art-3.mp4
WARNING!!! This required video is not found! Missing benchmark videos can lead to unfair evaluation result. The missing video is: A panda drinking coffee in a cafe in Paris, pixel art-4.mp4
WARNING!!! This required video is not found! Missing benchmark videos can lead to unfair evaluation result. The missing video is: A panda drinking coffee in a cafe in Paris, in cyberpunk style-1.mp4
WARNING!!! This required video is not found! Missing benchmark videos can lead to unfair evaluation result. The missing video is: A panda drinking coffee in a cafe in Paris, in cyberpunk style-2.mp4
WARNING!!! This required video is not found! Missing benchmark videos can lead to unfair evaluation result. The missing video is: A panda drinking coffee in a cafe in Paris, in cyberpunk style-3.mp4
WARNING!!! This required video is not found! Missing benchmark videos can lead to unfair evaluation result. The missing video is: A panda drinking coffee in a cafe in Paris, in cyberpunk style-4.mp4
WARNING!!! This required video is not found! Missing benchmark videos can lead to unfair evaluation result. The missing video is: A panda drinking coffee in a cafe in Paris, animated style-1.mp4
WARNING!!! This required video is not found! Missing benchmark videos can lead to unfair evaluation result. The missing video is: A panda drinking coffee in a cafe in Paris, animated style-2.mp4
WARNING!!! This required video is not found! Missing benchmark videos can lead to unfair evaluation result. The missing video is: A panda drinking coffee in a cafe in Paris, animated style-3.mp4
WARNING!!! This required video is not found! Missing benchmark videos can lead to unfair evaluation result. The missing video is: A panda drinking coffee in a cafe in Paris, animated style-4.mp4
WARNING!!! This required video is not found! Missing benchmark videos can lead to unfair evaluation result. The missing video is: A panda drinking coffee in a cafe in Paris, watercolor painting-1.mp4
WARNING!!! This required video is not found! Missing benchmark videos can lead to unfair evaluation result. The missing video is: A panda drinking coffee in a cafe in Paris, watercolor painting-2.mp4
WARNING!!! This required video is not found! Missing benchmark videos can lead to unfair evaluation result. The missing video is: A panda drinking coffee in a cafe in Paris, watercolor painting-3.mp4
WARNING!!! This required video is not found! Missing benchmark videos can lead to unfair evaluation result. The missing video is: A panda drinking coffee in a cafe in Paris, watercolor painting-4.mp4
WARNING!!! This required video is not found! Missing benchmark videos can lead to unfair evaluation result. The missing video is: A panda drinking coffee in a cafe in Paris, surrealism style-1.mp4
WARNING!!! This required video is not found! Missing benchmark videos can lead to unfair evaluation result. The missing video is: A panda drinking coffee in a cafe in Paris, surrealism style-2.mp4
WARNING!!! This required video is not found! Missing benchmark videos can lead to unfair evaluation result. The missing video is: A panda drinking coffee in a cafe in Paris, surrealism style-3.mp4
WARNING!!! This required video is not found! Missing benchmark videos can lead to unfair evaluation result. The missing video is: A panda drinking coffee in a cafe in Paris, surrealism style-4.mp4
WARNING!!! This required video is not found! Missing benchmark videos can lead to unfair evaluation result. The missing video is: A cute happy Corgi playing in park, sunset, Van Gogh style-1.mp4
WARNING!!! This required video is not found! Missing benchmark videos can lead to unfair evaluation result. The missing video is: A cute happy Corgi playing in park, sunset, Van Gogh style-2.mp4
WARNING!!! This required video is not found! Missing benchmark videos can lead to unfair evaluation result. The missing video is: A cute happy Corgi playing in park, sunset, Van Gogh style-3.mp4
WARNING!!! This required video is not found! Missing benchmark videos can lead to unfair evaluation result. The missing video is: A cute happy Corgi playing in park, sunset, Van Gogh style-4.mp4
WARNING!!! This required video is not found! Missing benchmark videos can lead to unfair evaluation result. The missing video is: A cute happy Corgi playing in park, sunset, oil painting-1.mp4
WARNING!!! This required video is not found! Missing benchmark videos can lead to unfair evaluation result. The missing video is: A cute happy Corgi playing in park, sunset, oil painting-2.mp4
WARNING!!! This required video is not found! Missing benchmark videos can lead to unfair evaluation result. The missing video is: A cute happy Corgi playing in park, sunset, oil painting-3.mp4
WARNING!!! This required video is not found! Missing benchmark videos can lead to unfair evaluation result. The missing video is: A cute happy Corgi playing in park, sunset, oil painting-4.mp4
WARNING!!! This required video is not found! Missing benchmark videos can lead to unfair evaluation result. The missing video is: A cute happy Corgi playing in park, sunset by Hokusai, in the style of Ukiyo-1.mp4
WARNING!!! This required video is not found! Missing benchmark videos can lead to unfair evaluation result. The missing video is: A cute happy Corgi playing in park, sunset by Hokusai, in the style of Ukiyo-2.mp4
WARNING!!! This required video is not found! Missing benchmark videos can lead to unfair evaluation result. The missing video is: A cute happy Corgi playing in park, sunset by Hokusai, in the style of Ukiyo-3.mp4
WARNING!!! This required video is not found! Missing benchmark videos can lead to unfair evaluation result. The missing video is: A cute happy Corgi playing in park, sunset by Hokusai, in the style of Ukiyo-4.mp4
WARNING!!! This required video is not found! Missing benchmark videos can lead to unfair evaluation result. The missing video is: A cute happy Corgi playing in park, sunset, black and white-1.mp4
WARNING!!! This required video is not found! Missing benchmark videos can lead to unfair evaluation result. The missing video is: A cute happy Corgi playing in park, sunset, black and white-2.mp4
WARNING!!! This required video is not found! Missing benchmark videos can lead to unfair evaluation result. The missing video is: A cute happy Corgi playing in park, sunset, black and white-3.mp4
WARNING!!! This required video is not found! Missing benchmark videos can lead to unfair evaluation result. The missing video is: A cute happy Corgi playing in park, sunset, black and white-4.mp4
WARNING!!! This required video is not found! Missing benchmark videos can lead to unfair evaluation result. The missing video is: A cute happy Corgi playing in park, sunset, pixel art-1.mp4
WARNING!!! This required video is not found! Missing benchmark videos can lead to unfair evaluation result. The missing video is: A cute happy Corgi playing in park, sunset, pixel art-2.mp4
WARNING!!! This required video is not found! Missing benchmark videos can lead to unfair evaluation result. The missing video is: A cute happy Corgi playing in park, sunset, pixel art-3.mp4
WARNING!!! This required video is not found! Missing benchmark videos can lead to unfair evaluation result. The missing video is: A cute happy Corgi playing in park, sunset, pixel art-4.mp4
WARNING!!! This required video is not found! Missing benchmark videos can lead to unfair evaluation result. The missing video is: A cute happy Corgi playing in park, sunset, in cyberpunk style-1.mp4
WARNING!!! This required video is not found! Missing benchmark videos can lead to unfair evaluation result. The missing video is: A cute happy Corgi playing in park, sunset, in cyberpunk style-2.mp4
WARNING!!! This required video is not found! Missing benchmark videos can lead to unfair evaluation result. The missing video is: A cute happy Corgi playing in park, sunset, in cyberpunk style-3.mp4
WARNING!!! This required video is not found! Missing benchmark videos can lead to unfair evaluation result. The missing video is: A cute happy Corgi playing in park, sunset, in cyberpunk style-4.mp4
WARNING!!! This required video is not found! Missing benchmark videos can lead to unfair evaluation result. The missing video is: A cute happy Corgi playing in park, sunset, animated style-1.mp4
WARNING!!! This required video is not found! Missing benchmark videos can lead to unfair evaluation result. The missing video is: A cute happy Corgi playing in park, sunset, animated style-2.mp4
WARNING!!! This required video is not found! Missing benchmark videos can lead to unfair evaluation result. The missing video is: A cute happy Corgi playing in park, sunset, animated style-3.mp4
WARNING!!! This required video is not found! Missing benchmark videos can lead to unfair evaluation result. The missing video is: A cute happy Corgi playing in park, sunset, animated style-4.mp4
WARNING!!! This required video is not found! Missing benchmark videos can lead to unfair evaluation result. The missing video is: A cute happy Corgi playing in park, sunset, watercolor painting-1.mp4
WARNING!!! This required video is not found! Missing benchmark videos can lead to unfair evaluation result. The missing video is: A cute happy Corgi playing in park, sunset, watercolor painting-2.mp4
WARNING!!! This required video is not found! Missing benchmark videos can lead to unfair evaluation result. The missing video is: A cute happy Corgi playing in park, sunset, watercolor painting-3.mp4
WARNING!!! This required video is not found! Missing benchmark videos can lead to unfair evaluation result. The missing video is: A cute happy Corgi playing in park, sunset, watercolor painting-4.mp4
WARNING!!! This required video is not found! Missing benchmark videos can lead to unfair evaluation result. The missing video is: A cute happy Corgi playing in park, sunset, surrealism style-1.mp4
WARNING!!! This required video is not found! Missing benchmark videos can lead to unfair evaluation result. The missing video is: A cute happy Corgi playing in park, sunset, surrealism style-2.mp4
WARNING!!! This required video is not found! Missing benchmark videos can lead to unfair evaluation result. The missing video is: A cute happy Corgi playing in park, sunset, surrealism style-3.mp4
WARNING!!! This required video is not found! Missing benchmark videos can lead to unfair evaluation result. The missing video is: A cute happy Corgi playing in park, sunset, surrealism style-4.mp4
WARNING!!! This required video is not found! Missing benchmark videos can lead to unfair evaluation result. The missing video is: Gwen Stacy reading a book, Van Gogh style-1.mp4
WARNING!!! This required video is not found! Missing benchmark videos can lead to unfair evaluation result. The missing video is: Gwen Stacy reading a book, Van Gogh style-2.mp4
WARNING!!! This required video is not found! Missing benchmark videos can lead to unfair evaluation result. The missing video is: Gwen Stacy reading a book, Van Gogh style-3.mp4
WARNING!!! This required video is not found! Missing benchmark videos can lead to unfair evaluation result. The missing video is: Gwen Stacy reading a book, Van Gogh style-4.mp4
WARNING!!! This required video is not found! Missing benchmark videos can lead to unfair evaluation result. The missing video is: Gwen Stacy reading a book, oil painting-1.mp4
WARNING!!! This required video is not found! Missing benchmark videos can lead to unfair evaluation result. The missing video is: Gwen Stacy reading a book, oil painting-2.mp4
WARNING!!! This required video is not found! Missing benchmark videos can lead to unfair evaluation result. The missing video is: Gwen Stacy reading a book, oil painting-3.mp4
WARNING!!! This required video is not found! Missing benchmark videos can lead to unfair evaluation result. The missing video is: Gwen Stacy reading a book, oil painting-4.mp4
WARNING!!! This required video is not found! Missing benchmark videos can lead to unfair evaluation result. The missing video is: Gwen Stacy reading a book by Hokusai, in the style of Ukiyo-1.mp4
WARNING!!! This required video is not found! Missing benchmark videos can lead to unfair evaluation result. The missing video is: Gwen Stacy reading a book by Hokusai, in the style of Ukiyo-2.mp4
WARNING!!! This required video is not found! Missing benchmark videos can lead to unfair evaluation result. The missing video is: Gwen Stacy reading a book by Hokusai, in the style of Ukiyo-3.mp4
WARNING!!! This required video is not found! Missing benchmark videos can lead to unfair evaluation result. The missing video is: Gwen Stacy reading a book by Hokusai, in the style of Ukiyo-4.mp4
WARNING!!! This required video is not found! Missing benchmark videos can lead to unfair evaluation result. The missing video is: Gwen Stacy reading a book, black and white-1.mp4
WARNING!!! This required video is not found! Missing benchmark videos can lead to unfair evaluation result. The missing video is: Gwen Stacy reading a book, black and white-2.mp4
WARNING!!! This required video is not found! Missing benchmark videos can lead to unfair evaluation result. The missing video is: Gwen Stacy reading a book, black and white-3.mp4
WARNING!!! This required video is not found! Missing benchmark videos can lead to unfair evaluation result. The missing video is: Gwen Stacy reading a book, black and white-4.mp4
WARNING!!! This required video is not found! Missing benchmark videos can lead to unfair evaluation result. The missing video is: Gwen Stacy reading a book, pixel art-1.mp4
WARNING!!! This required video is not found! Missing benchmark videos can lead to unfair evaluation result. The missing video is: Gwen Stacy reading a book, pixel art-2.mp4
WARNING!!! This required video is not found! Missing benchmark videos can lead to unfair evaluation result. The missing video is: Gwen Stacy reading a book, pixel art-3.mp4
WARNING!!! This required video is not found! Missing benchmark videos can lead to unfair evaluation result. The missing video is: Gwen Stacy reading a book, pixel art-4.mp4
WARNING!!! This required video is not found! Missing benchmark videos can lead to unfair evaluation result. The missing video is: Gwen Stacy reading a book, in cyberpunk style-1.mp4
WARNING!!! This required video is not found! Missing benchmark videos can lead to unfair evaluation result. The missing video is: Gwen Stacy reading a book, in cyberpunk style-2.mp4
WARNING!!! This required video is not found! Missing benchmark videos can lead to unfair evaluation result. The missing video is: Gwen Stacy reading a book, in cyberpunk style-3.mp4
WARNING!!! This required video is not found! Missing benchmark videos can lead to unfair evaluation result. The missing video is: Gwen Stacy reading a book, in cyberpunk style-4.mp4
WARNING!!! This required video is not found! Missing benchmark videos can lead to unfair evaluation result. The missing video is: Gwen Stacy reading a book, animated style-1.mp4
WARNING!!! This required video is not found! Missing benchmark videos can lead to unfair evaluation result. The missing video is: Gwen Stacy reading a book, animated style-2.mp4
WARNING!!! This required video is not found! Missing benchmark videos can lead to unfair evaluation result. The missing video is: Gwen Stacy reading a book, animated style-3.mp4
WARNING!!! This required video is not found! Missing benchmark videos can lead to unfair evaluation result. The missing video is: Gwen Stacy reading a book, animated style-4.mp4
WARNING!!! This required video is not found! Missing benchmark videos can lead to unfair evaluation result. The missing video is: Gwen Stacy reading a book, watercolor painting-1.mp4
WARNING!!! This required video is not found! Missing benchmark videos can lead to unfair evaluation result. The missing video is: Gwen Stacy reading a book, watercolor painting-2.mp4
WARNING!!! This required video is not found! Missing benchmark videos can lead to unfair evaluation result. The missing video is: Gwen Stacy reading a book, watercolor painting-3.mp4
WARNING!!! This required video is not found! Missing benchmark videos can lead to unfair evaluation result. The missing video is: Gwen Stacy reading a book, watercolor painting-4.mp4
WARNING!!! This required video is not found! Missing benchmark videos can lead to unfair evaluation result. The missing video is: Gwen Stacy reading a book, surrealism style-1.mp4
WARNING!!! This required video is not found! Missing benchmark videos can lead to unfair evaluation result. The missing video is: Gwen Stacy reading a book, surrealism style-2.mp4
WARNING!!! This required video is not found! Missing benchmark videos can lead to unfair evaluation result. The missing video is: Gwen Stacy reading a book, surrealism style-3.mp4
WARNING!!! This required video is not found! Missing benchmark videos can lead to unfair evaluation result. The missing video is: Gwen Stacy reading a book, surrealism style-4.mp4
WARNING!!! This required video is not found! Missing benchmark videos can lead to unfair evaluation result. The missing video is: A boat sailing leisurely along the Seine River with the Eiffel Tower in background, Van Gogh style-1.mp4
WARNING!!! This required video is not found! Missing benchmark videos can lead to unfair evaluation result. The missing video is: A boat sailing leisurely along the Seine River with the Eiffel Tower in background, Van Gogh style-2.mp4
WARNING!!! This required video is not found! Missing benchmark videos can lead to unfair evaluation result. The missing video is: A boat sailing leisurely along the Seine River with the Eiffel Tower in background, Van Gogh style-3.mp4
WARNING!!! This required video is not found! Missing benchmark videos can lead to unfair evaluation result. The missing video is: A boat sailing leisurely along the Seine River with the Eiffel Tower in background, Van Gogh style-4.mp4
WARNING!!! This required video is not found! Missing benchmark videos can lead to unfair evaluation result. The missing video is: A boat sailing leisurely along the Seine River with the Eiffel Tower in background, oil painting-1.mp4
WARNING!!! This required video is not found! Missing benchmark videos can lead to unfair evaluation result. The missing video is: A boat sailing leisurely along the Seine River with the Eiffel Tower in background, oil painting-2.mp4
WARNING!!! This required video is not found! Missing benchmark videos can lead to unfair evaluation result. The missing video is: A boat sailing leisurely along the Seine River with the Eiffel Tower in background, oil painting-3.mp4
WARNING!!! This required video is not found! Missing benchmark videos can lead to unfair evaluation result. The missing video is: A boat sailing leisurely along the Seine River with the Eiffel Tower in background, oil painting-4.mp4
WARNING!!! This required video is not found! Missing benchmark videos can lead to unfair evaluation result. The missing video is: A boat sailing leisurely along the Seine River with the Eiffel Tower in background by Hokusai, in the style of Ukiyo-1.mp4
WARNING!!! This required video is not found! Missing benchmark videos can lead to unfair evaluation result. The missing video is: A boat sailing leisurely along the Seine River with the Eiffel Tower in background by Hokusai, in the style of Ukiyo-2.mp4
WARNING!!! This required video is not found! Missing benchmark videos can lead to unfair evaluation result. The missing video is: A boat sailing leisurely along the Seine River with the Eiffel Tower in background by Hokusai, in the style of Ukiyo-3.mp4
WARNING!!! This required video is not found! Missing benchmark videos can lead to unfair evaluation result. The missing video is: A boat sailing leisurely along the Seine River with the Eiffel Tower in background by Hokusai, in the style of Ukiyo-4.mp4
WARNING!!! This required video is not found! Missing benchmark videos can lead to unfair evaluation result. The missing video is: A boat sailing leisurely along the Seine River with the Eiffel Tower in background, black and white-1.mp4
WARNING!!! This required video is not found! Missing benchmark videos can lead to unfair evaluation result. The missing video is: A boat sailing leisurely along the Seine River with the Eiffel Tower in background, black and white-2.mp4
WARNING!!! This required video is not found! Missing benchmark videos can lead to unfair evaluation result. The missing video is: A boat sailing leisurely along the Seine River with the Eiffel Tower in background, black and white-3.mp4
WARNING!!! This required video is not found! Missing benchmark videos can lead to unfair evaluation result. The missing video is: A boat sailing leisurely along the Seine River with the Eiffel Tower in background, black and white-4.mp4
WARNING!!! This required video is not found! Missing benchmark videos can lead to unfair evaluation result. The missing video is: A boat sailing leisurely along the Seine River with the Eiffel Tower in background, pixel art-1.mp4
WARNING!!! This required video is not found! Missing benchmark videos can lead to unfair evaluation result. The missing video is: A boat sailing leisurely along the Seine River with the Eiffel Tower in background, pixel art-2.mp4
WARNING!!! This required video is not found! Missing benchmark videos can lead to unfair evaluation result. The missing video is: A boat sailing leisurely along the Seine River with the Eiffel Tower in background, pixel art-3.mp4
WARNING!!! This required video is not found! Missing benchmark videos can lead to unfair evaluation result. The missing video is: A boat sailing leisurely along the Seine River with the Eiffel Tower in background, pixel art-4.mp4
WARNING!!! This required video is not found! Missing benchmark videos can lead to unfair evaluation result. The missing video is: A boat sailing leisurely along the Seine River with the Eiffel Tower in background, in cyberpunk style-1.mp4
WARNING!!! This required video is not found! Missing benchmark videos can lead to unfair evaluation result. The missing video is: A boat sailing leisurely along the Seine River with the Eiffel Tower in background, in cyberpunk style-2.mp4
WARNING!!! This required video is not found! Missing benchmark videos can lead to unfair evaluation result. The missing video is: A boat sailing leisurely along the Seine River with the Eiffel Tower in background, in cyberpunk style-3.mp4
WARNING!!! This required video is not found! Missing benchmark videos can lead to unfair evaluation result. The missing video is: A boat sailing leisurely along the Seine River with the Eiffel Tower in background, in cyberpunk style-4.mp4
WARNING!!! This required video is not found! Missing benchmark videos can lead to unfair evaluation result. The missing video is: A boat sailing leisurely along the Seine River with the Eiffel Tower in background, animated style-1.mp4
WARNING!!! This required video is not found! Missing benchmark videos can lead to unfair evaluation result. The missing video is: A boat sailing leisurely along the Seine River with the Eiffel Tower in background, animated style-2.mp4
WARNING!!! This required video is not found! Missing benchmark videos can lead to unfair evaluation result. The missing video is: A boat sailing leisurely along the Seine River with the Eiffel Tower in background, animated style-3.mp4
WARNING!!! This required video is not found! Missing benchmark videos can lead to unfair evaluation result. The missing video is: A boat sailing leisurely along the Seine River with the Eiffel Tower in background, animated style-4.mp4
WARNING!!! This required video is not found! Missing benchmark videos can lead to unfair evaluation result. The missing video is: A boat sailing leisurely along the Seine River with the Eiffel Tower in background, watercolor painting-1.mp4
WARNING!!! This required video is not found! Missing benchmark videos can lead to unfair evaluation result. The missing video is: A boat sailing leisurely along the Seine River with the Eiffel Tower in background, watercolor painting-2.mp4
WARNING!!! This required video is not found! Missing benchmark videos can lead to unfair evaluation result. The missing video is: A boat sailing leisurely along the Seine River with the Eiffel Tower in background, watercolor painting-3.mp4
WARNING!!! This required video is not found! Missing benchmark videos can lead to unfair evaluation result. The missing video is: A boat sailing leisurely along the Seine River with the Eiffel Tower in background, watercolor painting-4.mp4
WARNING!!! This required video is not found! Missing benchmark videos can lead to unfair evaluation result. The missing video is: A boat sailing leisurely along the Seine River with the Eiffel Tower in background, surrealism style-1.mp4
WARNING!!! This required video is not found! Missing benchmark videos can lead to unfair evaluation result. The missing video is: A boat sailing leisurely along the Seine River with the Eiffel Tower in background, surrealism style-2.mp4
WARNING!!! This required video is not found! Missing benchmark videos can lead to unfair evaluation result. The missing video is: A boat sailing leisurely along the Seine River with the Eiffel Tower in background, surrealism style-3.mp4
WARNING!!! This required video is not found! Missing benchmark videos can lead to unfair evaluation result. The missing video is: A boat sailing leisurely along the Seine River with the Eiffel Tower in background, surrealism style-4.mp4
WARNING!!! This required video is not found! Missing benchmark videos can lead to unfair evaluation result. The missing video is: A couple in formal evening wear going home get caught in a heavy downpour with umbrellas, Van Gogh style-1.mp4
WARNING!!! This required video is not found! Missing benchmark videos can lead to unfair evaluation result. The missing video is: A couple in formal evening wear going home get caught in a heavy downpour with umbrellas, Van Gogh style-2.mp4
WARNING!!! This required video is not found! Missing benchmark videos can lead to unfair evaluation result. The missing video is: A couple in formal evening wear going home get caught in a heavy downpour with umbrellas, Van Gogh style-3.mp4
WARNING!!! This required video is not found! Missing benchmark videos can lead to unfair evaluation result. The missing video is: A couple in formal evening wear going home get caught in a heavy downpour with umbrellas, Van Gogh style-4.mp4
WARNING!!! This required video is not found! Missing benchmark videos can lead to unfair evaluation result. The missing video is: A couple in formal evening wear going home get caught in a heavy downpour with umbrellas, oil painting-1.mp4
WARNING!!! This required video is not found! Missing benchmark videos can lead to unfair evaluation result. The missing video is: A couple in formal evening wear going home get caught in a heavy downpour with umbrellas, oil painting-2.mp4
WARNING!!! This required video is not found! Missing benchmark videos can lead to unfair evaluation result. The missing video is: A couple in formal evening wear going home get caught in a heavy downpour with umbrellas, oil painting-3.mp4
WARNING!!! This required video is not found! Missing benchmark videos can lead to unfair evaluation result. The missing video is: A couple in formal evening wear going home get caught in a heavy downpour with umbrellas, oil painting-4.mp4
WARNING!!! This required video is not found! Missing benchmark videos can lead to unfair evaluation result. The missing video is: A couple in formal evening wear going home get caught in a heavy downpour with umbrellas by Hokusai, in the style of Ukiyo-1.mp4
WARNING!!! This required video is not found! Missing benchmark videos can lead to unfair evaluation result. The missing video is: A couple in formal evening wear going home get caught in a heavy downpour with umbrellas by Hokusai, in the style of Ukiyo-2.mp4
WARNING!!! This required video is not found! Missing benchmark videos can lead to unfair evaluation result. The missing video is: A couple in formal evening wear going home get caught in a heavy downpour with umbrellas by Hokusai, in the style of Ukiyo-3.mp4
WARNING!!! This required video is not found! Missing benchmark videos can lead to unfair evaluation result. The missing video is: A couple in formal evening wear going home get caught in a heavy downpour with umbrellas by Hokusai, in the style of Ukiyo-4.mp4
WARNING!!! This required video is not found! Missing benchmark videos can lead to unfair evaluation result. The missing video is: A couple in formal evening wear going home get caught in a heavy downpour with umbrellas, black and white-1.mp4
WARNING!!! This required video is not found! Missing benchmark videos can lead to unfair evaluation result. The missing video is: A couple in formal evening wear going home get caught in a heavy downpour with umbrellas, black and white-2.mp4
WARNING!!! This required video is not found! Missing benchmark videos can lead to unfair evaluation result. The missing video is: A couple in formal evening wear going home get caught in a heavy downpour with umbrellas, black and white-3.mp4
WARNING!!! This required video is not found! Missing benchmark videos can lead to unfair evaluation result. The missing video is: A couple in formal evening wear going home get caught in a heavy downpour with umbrellas, black and white-4.mp4
WARNING!!! This required video is not found! Missing benchmark videos can lead to unfair evaluation result. The missing video is: A couple in formal evening wear going home get caught in a heavy downpour with umbrellas, pixel art-1.mp4
WARNING!!! This required video is not found! Missing benchmark videos can lead to unfair evaluation result. The missing video is: A couple in formal evening wear going home get caught in a heavy downpour with umbrellas, pixel art-2.mp4
WARNING!!! This required video is not found! Missing benchmark videos can lead to unfair evaluation result. The missing video is: A couple in formal evening wear going home get caught in a heavy downpour with umbrellas, pixel art-3.mp4
WARNING!!! This required video is not found! Missing benchmark videos can lead to unfair evaluation result. The missing video is: A couple in formal evening wear going home get caught in a heavy downpour with umbrellas, pixel art-4.mp4
WARNING!!! This required video is not found! Missing benchmark videos can lead to unfair evaluation result. The missing video is: A couple in formal evening wear going home get caught in a heavy downpour with umbrellas, in cyberpunk style-1.mp4
WARNING!!! This required video is not found! Missing benchmark videos can lead to unfair evaluation result. The missing video is: A couple in formal evening wear going home get caught in a heavy downpour with umbrellas, in cyberpunk style-2.mp4
WARNING!!! This required video is not found! Missing benchmark videos can lead to unfair evaluation result. The missing video is: A couple in formal evening wear going home get caught in a heavy downpour with umbrellas, in cyberpunk style-3.mp4
WARNING!!! This required video is not found! Missing benchmark videos can lead to unfair evaluation result. The missing video is: A couple in formal evening wear going home get caught in a heavy downpour with umbrellas, in cyberpunk style-4.mp4
WARNING!!! This required video is not found! Missing benchmark videos can lead to unfair evaluation result. The missing video is: A couple in formal evening wear going home get caught in a heavy downpour with umbrellas, animated style-1.mp4
WARNING!!! This required video is not found! Missing benchmark videos can lead to unfair evaluation result. The missing video is: A couple in formal evening wear going home get caught in a heavy downpour with umbrellas, animated style-2.mp4
WARNING!!! This required video is not found! Missing benchmark videos can lead to unfair evaluation result. The missing video is: A couple in formal evening wear going home get caught in a heavy downpour with umbrellas, animated style-3.mp4
WARNING!!! This required video is not found! Missing benchmark videos can lead to unfair evaluation result. The missing video is: A couple in formal evening wear going home get caught in a heavy downpour with umbrellas, animated style-4.mp4
WARNING!!! This required video is not found! Missing benchmark videos can lead to unfair evaluation result. The missing video is: A couple in formal evening wear going home get caught in a heavy downpour with umbrellas, watercolor painting-1.mp4
WARNING!!! This required video is not found! Missing benchmark videos can lead to unfair evaluation result. The missing video is: A couple in formal evening wear going home get caught in a heavy downpour with umbrellas, watercolor painting-2.mp4
WARNING!!! This required video is not found! Missing benchmark videos can lead to unfair evaluation result. The missing video is: A couple in formal evening wear going home get caught in a heavy downpour with umbrellas, watercolor painting-3.mp4
WARNING!!! This required video is not found! Missing benchmark videos can lead to unfair evaluation result. The missing video is: A couple in formal evening wear going home get caught in a heavy downpour with umbrellas, watercolor painting-4.mp4
WARNING!!! This required video is not found! Missing benchmark videos can lead to unfair evaluation result. The missing video is: A couple in formal evening wear going home get caught in a heavy downpour with umbrellas, surrealism style-1.mp4
WARNING!!! This required video is not found! Missing benchmark videos can lead to unfair evaluation result. The missing video is: A couple in formal evening wear going home get caught in a heavy downpour with umbrellas, surrealism style-2.mp4
WARNING!!! This required video is not found! Missing benchmark videos can lead to unfair evaluation result. The missing video is: A couple in formal evening wear going home get caught in a heavy downpour with umbrellas, surrealism style-3.mp4
WARNING!!! This required video is not found! Missing benchmark videos can lead to unfair evaluation result. The missing video is: A couple in formal evening wear going home get caught in a heavy downpour with umbrellas, surrealism style-4.mp4
WARNING!!! This required video is not found! Missing benchmark videos can lead to unfair evaluation result. The missing video is: An astronaut flying in space, Van Gogh style-1.mp4
WARNING!!! This required video is not found! Missing benchmark videos can lead to unfair evaluation result. The missing video is: An astronaut flying in space, Van Gogh style-2.mp4
WARNING!!! This required video is not found! Missing benchmark videos can lead to unfair evaluation result. The missing video is: An astronaut flying in space, Van Gogh style-3.mp4
WARNING!!! This required video is not found! Missing benchmark videos can lead to unfair evaluation result. The missing video is: An astronaut flying in space, Van Gogh style-4.mp4
WARNING!!! This required video is not found! Missing benchmark videos can lead to unfair evaluation result. The missing video is: An astronaut flying in space, oil painting-1.mp4
WARNING!!! This required video is not found! Missing benchmark videos can lead to unfair evaluation result. The missing video is: An astronaut flying in space, oil painting-2.mp4
WARNING!!! This required video is not found! Missing benchmark videos can lead to unfair evaluation result. The missing video is: An astronaut flying in space, oil painting-3.mp4
WARNING!!! This required video is not found! Missing benchmark videos can lead to unfair evaluation result. The missing video is: An astronaut flying in space, oil painting-4.mp4
WARNING!!! This required video is not found! Missing benchmark videos can lead to unfair evaluation result. The missing video is: An astronaut flying in space by Hokusai, in the style of Ukiyo-1.mp4
WARNING!!! This required video is not found! Missing benchmark videos can lead to unfair evaluation result. The missing video is: An astronaut flying in space by Hokusai, in the style of Ukiyo-2.mp4
WARNING!!! This required video is not found! Missing benchmark videos can lead to unfair evaluation result. The missing video is: An astronaut flying in space by Hokusai, in the style of Ukiyo-3.mp4
WARNING!!! This required video is not found! Missing benchmark videos can lead to unfair evaluation result. The missing video is: An astronaut flying in space by Hokusai, in the style of Ukiyo-4.mp4
WARNING!!! This required video is not found! Missing benchmark videos can lead to unfair evaluation result. The missing video is: An astronaut flying in space, black and white-1.mp4
WARNING!!! This required video is not found! Missing benchmark videos can lead to unfair evaluation result. The missing video is: An astronaut flying in space, black and white-2.mp4
WARNING!!! This required video is not found! Missing benchmark videos can lead to unfair evaluation result. The missing video is: An astronaut flying in space, black and white-3.mp4
WARNING!!! This required video is not found! Missing benchmark videos can lead to unfair evaluation result. The missing video is: An astronaut flying in space, black and white-4.mp4
WARNING!!! This required video is not found! Missing benchmark videos can lead to unfair evaluation result. The missing video is: An astronaut flying in space, pixel art-1.mp4
WARNING!!! This required video is not found! Missing benchmark videos can lead to unfair evaluation result. The missing video is: An astronaut flying in space, pixel art-2.mp4
WARNING!!! This required video is not found! Missing benchmark videos can lead to unfair evaluation result. The missing video is: An astronaut flying in space, pixel art-3.mp4
WARNING!!! This required video is not found! Missing benchmark videos can lead to unfair evaluation result. The missing video is: An astronaut flying in space, pixel art-4.mp4
WARNING!!! This required video is not found! Missing benchmark videos can lead to unfair evaluation result. The missing video is: An astronaut flying in space, in cyberpunk style-1.mp4
WARNING!!! This required video is not found! Missing benchmark videos can lead to unfair evaluation result. The missing video is: An astronaut flying in space, in cyberpunk style-2.mp4
WARNING!!! This required video is not found! Missing benchmark videos can lead to unfair evaluation result. The missing video is: An astronaut flying in space, in cyberpunk style-3.mp4
WARNING!!! This required video is not found! Missing benchmark videos can lead to unfair evaluation result. The missing video is: An astronaut flying in space, in cyberpunk style-4.mp4
WARNING!!! This required video is not found! Missing benchmark videos can lead to unfair evaluation result. The missing video is: An astronaut flying in space, animated style-1.mp4
WARNING!!! This required video is not found! Missing benchmark videos can lead to unfair evaluation result. The missing video is: An astronaut flying in space, animated style-2.mp4
WARNING!!! This required video is not found! Missing benchmark videos can lead to unfair evaluation result. The missing video is: An astronaut flying in space, animated style-3.mp4
WARNING!!! This required video is not found! Missing benchmark videos can lead to unfair evaluation result. The missing video is: An astronaut flying in space, animated style-4.mp4
WARNING!!! This required video is not found! Missing benchmark videos can lead to unfair evaluation result. The missing video is: An astronaut flying in space, watercolor painting-1.mp4
WARNING!!! This required video is not found! Missing benchmark videos can lead to unfair evaluation result. The missing video is: An astronaut flying in space, watercolor painting-2.mp4
WARNING!!! This required video is not found! Missing benchmark videos can lead to unfair evaluation result. The missing video is: An astronaut flying in space, watercolor painting-3.mp4
WARNING!!! This required video is not found! Missing benchmark videos can lead to unfair evaluation result. The missing video is: An astronaut flying in space, watercolor painting-4.mp4
WARNING!!! This required video is not found! Missing benchmark videos can lead to unfair evaluation result. The missing video is: An astronaut flying in space, surrealism style-1.mp4
WARNING!!! This required video is not found! Missing benchmark videos can lead to unfair evaluation result. The missing video is: An astronaut flying in space, surrealism style-2.mp4
WARNING!!! This required video is not found! Missing benchmark videos can lead to unfair evaluation result. The missing video is: An astronaut flying in space, surrealism style-3.mp4
WARNING!!! This required video is not found! Missing benchmark videos can lead to unfair evaluation result. The missing video is: An astronaut flying in space, surrealism style-4.mp4
WARNING!!! This required video is not found! Missing benchmark videos can lead to unfair evaluation result. The missing video is: Snow rocky mountains peaks canyon. snow blanketed rocky mountains surround and shadow deep canyons. the canyons twist and bend through the high elevated mountain peaks, Van Gogh style-1.mp4
WARNING!!! This required video is not found! Missing benchmark videos can lead to unfair evaluation result. The missing video is: Snow rocky mountains peaks canyon. snow blanketed rocky mountains surround and shadow deep canyons. the canyons twist and bend through the high elevated mountain peaks, Van Gogh style-2.mp4
WARNING!!! This required video is not found! Missing benchmark videos can lead to unfair evaluation result. The missing video is: Snow rocky mountains peaks canyon. snow blanketed rocky mountains surround and shadow deep canyons. the canyons twist and bend through the high elevated mountain peaks, Van Gogh style-3.mp4
WARNING!!! This required video is not found! Missing benchmark videos can lead to unfair evaluation result. The missing video is: Snow rocky mountains peaks canyon. snow blanketed rocky mountains surround and shadow deep canyons. the canyons twist and bend through the high elevated mountain peaks, Van Gogh style-4.mp4
WARNING!!! This required video is not found! Missing benchmark videos can lead to unfair evaluation result. The missing video is: Snow rocky mountains peaks canyon. snow blanketed rocky mountains surround and shadow deep canyons. the canyons twist and bend through the high elevated mountain peaks, oil painting-1.mp4
WARNING!!! This required video is not found! Missing benchmark videos can lead to unfair evaluation result. The missing video is: Snow rocky mountains peaks canyon. snow blanketed rocky mountains surround and shadow deep canyons. the canyons twist and bend through the high elevated mountain peaks, oil painting-2.mp4
WARNING!!! This required video is not found! Missing benchmark videos can lead to unfair evaluation result. The missing video is: Snow rocky mountains peaks canyon. snow blanketed rocky mountains surround and shadow deep canyons. the canyons twist and bend through the high elevated mountain peaks, oil painting-3.mp4
WARNING!!! This required video is not found! Missing benchmark videos can lead to unfair evaluation result. The missing video is: Snow rocky mountains peaks canyon. snow blanketed rocky mountains surround and shadow deep canyons. the canyons twist and bend through the high elevated mountain peaks, oil painting-4.mp4
WARNING!!! This required video is not found! Missing benchmark videos can lead to unfair evaluation result. The missing video is: Snow rocky mountains peaks canyon. snow blanketed rocky mountains surround and shadow deep canyons. the canyons twist and bend through the high elevated mountain peaks by Hokusai, in the style of Ukiyo-1.mp4
WARNING!!! This required video is not found! Missing benchmark videos can lead to unfair evaluation result. The missing video is: Snow rocky mountains peaks canyon. snow blanketed rocky mountains surround and shadow deep canyons. the canyons twist and bend through the high elevated mountain peaks by Hokusai, in the style of Ukiyo-2.mp4
WARNING!!! This required video is not found! Missing benchmark videos can lead to unfair evaluation result. The missing video is: Snow rocky mountains peaks canyon. snow blanketed rocky mountains surround and shadow deep canyons. the canyons twist and bend through the high elevated mountain peaks by Hokusai, in the style of Ukiyo-3.mp4
WARNING!!! This required video is not found! Missing benchmark videos can lead to unfair evaluation result. The missing video is: Snow rocky mountains peaks canyon. snow blanketed rocky mountains surround and shadow deep canyons. the canyons twist and bend through the high elevated mountain peaks by Hokusai, in the style of Ukiyo-4.mp4
WARNING!!! This required video is not found! Missing benchmark videos can lead to unfair evaluation result. The missing video is: Snow rocky mountains peaks canyon. snow blanketed rocky mountains surround and shadow deep canyons. the canyons twist and bend through the high elevated mountain peaks, black and white-1.mp4
WARNING!!! This required video is not found! Missing benchmark videos can lead to unfair evaluation result. The missing video is: Snow rocky mountains peaks canyon. snow blanketed rocky mountains surround and shadow deep canyons. the canyons twist and bend through the high elevated mountain peaks, black and white-2.mp4
WARNING!!! This required video is not found! Missing benchmark videos can lead to unfair evaluation result. The missing video is: Snow rocky mountains peaks canyon. snow blanketed rocky mountains surround and shadow deep canyons. the canyons twist and bend through the high elevated mountain peaks, black and white-3.mp4
WARNING!!! This required video is not found! Missing benchmark videos can lead to unfair evaluation result. The missing video is: Snow rocky mountains peaks canyon. snow blanketed rocky mountains surround and shadow deep canyons. the canyons twist and bend through the high elevated mountain peaks, black and white-4.mp4
WARNING!!! This required video is not found! Missing benchmark videos can lead to unfair evaluation result. The missing video is: Snow rocky mountains peaks canyon. snow blanketed rocky mountains surround and shadow deep canyons. the canyons twist and bend through the high elevated mountain peaks, pixel art-1.mp4
WARNING!!! This required video is not found! Missing benchmark videos can lead to unfair evaluation result. The missing video is: Snow rocky mountains peaks canyon. snow blanketed rocky mountains surround and shadow deep canyons. the canyons twist and bend through the high elevated mountain peaks, pixel art-2.mp4
WARNING!!! This required video is not found! Missing benchmark videos can lead to unfair evaluation result. The missing video is: Snow rocky mountains peaks canyon. snow blanketed rocky mountains surround and shadow deep canyons. the canyons twist and bend through the high elevated mountain peaks, pixel art-3.mp4
WARNING!!! This required video is not found! Missing benchmark videos can lead to unfair evaluation result. The missing video is: Snow rocky mountains peaks canyon. snow blanketed rocky mountains surround and shadow deep canyons. the canyons twist and bend through the high elevated mountain peaks, pixel art-4.mp4
WARNING!!! This required video is not found! Missing benchmark videos can lead to unfair evaluation result. The missing video is: Snow rocky mountains peaks canyon. snow blanketed rocky mountains surround and shadow deep canyons. the canyons twist and bend through the high elevated mountain peaks, in cyberpunk style-1.mp4
WARNING!!! This required video is not found! Missing benchmark videos can lead to unfair evaluation result. The missing video is: Snow rocky mountains peaks canyon. snow blanketed rocky mountains surround and shadow deep canyons. the canyons twist and bend through the high elevated mountain peaks, in cyberpunk style-2.mp4
WARNING!!! This required video is not found! Missing benchmark videos can lead to unfair evaluation result. The missing video is: Snow rocky mountains peaks canyon. snow blanketed rocky mountains surround and shadow deep canyons. the canyons twist and bend through the high elevated mountain peaks, in cyberpunk style-3.mp4
WARNING!!! This required video is not found! Missing benchmark videos can lead to unfair evaluation result. The missing video is: Snow rocky mountains peaks canyon. snow blanketed rocky mountains surround and shadow deep canyons. the canyons twist and bend through the high elevated mountain peaks, in cyberpunk style-4.mp4
WARNING!!! This required video is not found! Missing benchmark videos can lead to unfair evaluation result. The missing video is: Snow rocky mountains peaks canyon. snow blanketed rocky mountains surround and shadow deep canyons. the canyons twist and bend through the high elevated mountain peaks, animated style-1.mp4
WARNING!!! This required video is not found! Missing benchmark videos can lead to unfair evaluation result. The missing video is: Snow rocky mountains peaks canyon. snow blanketed rocky mountains surround and shadow deep canyons. the canyons twist and bend through the high elevated mountain peaks, animated style-2.mp4
WARNING!!! This required video is not found! Missing benchmark videos can lead to unfair evaluation result. The missing video is: Snow rocky mountains peaks canyon. snow blanketed rocky mountains surround and shadow deep canyons. the canyons twist and bend through the high elevated mountain peaks, animated style-3.mp4
WARNING!!! This required video is not found! Missing benchmark videos can lead to unfair evaluation result. The missing video is: Snow rocky mountains peaks canyon. snow blanketed rocky mountains surround and shadow deep canyons. the canyons twist and bend through the high elevated mountain peaks, animated style-4.mp4
WARNING!!! This required video is not found! Missing benchmark videos can lead to unfair evaluation result. The missing video is: Snow rocky mountains peaks canyon. snow blanketed rocky mountains surround and shadow deep canyons. the canyons twist and bend through the high elevated mountain peaks, watercolor painting-1.mp4
WARNING!!! This required video is not found! Missing benchmark videos can lead to unfair evaluation result. The missing video is: Snow rocky mountains peaks canyon. snow blanketed rocky mountains surround and shadow deep canyons. the canyons twist and bend through the high elevated mountain peaks, watercolor painting-2.mp4
WARNING!!! This required video is not found! Missing benchmark videos can lead to unfair evaluation result. The missing video is: Snow rocky mountains peaks canyon. snow blanketed rocky mountains surround and shadow deep canyons. the canyons twist and bend through the high elevated mountain peaks, watercolor painting-3.mp4
WARNING!!! This required video is not found! Missing benchmark videos can lead to unfair evaluation result. The missing video is: Snow rocky mountains peaks canyon. snow blanketed rocky mountains surround and shadow deep canyons. the canyons twist and bend through the high elevated mountain peaks, watercolor painting-4.mp4
WARNING!!! This required video is not found! Missing benchmark videos can lead to unfair evaluation result. The missing video is: Snow rocky mountains peaks canyon. snow blanketed rocky mountains surround and shadow deep canyons. the canyons twist and bend through the high elevated mountain peaks, surrealism style-1.mp4
WARNING!!! This required video is not found! Missing benchmark videos can lead to unfair evaluation result. The missing video is: Snow rocky mountains peaks canyon. snow blanketed rocky mountains surround and shadow deep canyons. the canyons twist and bend through the high elevated mountain peaks, surrealism style-2.mp4
WARNING!!! This required video is not found! Missing benchmark videos can lead to unfair evaluation result. The missing video is: Snow rocky mountains peaks canyon. snow blanketed rocky mountains surround and shadow deep canyons. the canyons twist and bend through the high elevated mountain peaks, surrealism style-3.mp4
WARNING!!! This required video is not found! Missing benchmark videos can lead to unfair evaluation result. The missing video is: Snow rocky mountains peaks canyon. snow blanketed rocky mountains surround and shadow deep canyons. the canyons twist and bend through the high elevated mountain peaks, surrealism style-4.mp4
Evaluation meta data saved to /data/zengxin/zwt/face_study/outputs/official_vbench_v1_consisid/consisid_official_vbench_v1_single_20260705_155651/evaluation/appearance_style/results_2026-07-07-07:28:41_full_info.json
[rank0]: Traceback (most recent call last):
[rank0]:   File "/data/zengxin/zwt/external/VBench-v1/vbench/__init__.py", line 147, in evaluate
[rank0]:     dimension_module = importlib.import_module(f'vbench.{dimension}')
[rank0]:                        ^^^^^^^^^^^^^^^^^^^^^^^^^^^^^^^^^^^^^^^^^^^^^^
[rank0]:   File "/data/zengxin/zwt/conda_envs/face_consisid/lib/python3.11/importlib/__init__.py", line 126, in import_module
[rank0]:     return _bootstrap._gcd_import(name[level:], package, level)
[rank0]:            ^^^^^^^^^^^^^^^^^^^^^^^^^^^^^^^^^^^^^^^^^^^^^^^^^^^^
[rank0]:   File "<frozen importlib._bootstrap>", line 1204, in _gcd_import
[rank0]:   File "<frozen importlib._bootstrap>", line 1176, in _find_and_load
[rank0]:   File "<frozen importlib._bootstrap>", line 1147, in _find_and_load_unlocked
[rank0]:   File "<frozen importlib._bootstrap>", line 690, in _load_unlocked
[rank0]:   File "<frozen importlib._bootstrap_external>", line 940, in exec_module
[rank0]:   File "<frozen importlib._bootstrap>", line 241, in _call_with_frames_removed
[rank0]:   File "/data/zengxin/zwt/external/VBench-v1/vbench/appearance_style.py", line 7, in <module>
[rank0]:     import clip
[rank0]:   File "/data/zengxin/zwt/conda_envs/vbench_v1/lib/python3.11/site-packages/clip/__init__.py", line 1, in <module>
[rank0]:     from .clip import *
[rank0]:   File "/data/zengxin/zwt/conda_envs/vbench_v1/lib/python3.11/site-packages/clip/clip.py", line 6, in <module>
[rank0]:     from pkg_resources import packaging
[rank0]: ModuleNotFoundError: No module named 'pkg_resources'

[rank0]: During handling of the above exception, another exception occurred:

[rank0]: Traceback (most recent call last):
[rank0]:   File "/data/zengxin/zwt/external/VBench-v1/evaluate.py", line 153, in <module>
[rank0]:     main()
[rank0]:   File "/data/zengxin/zwt/external/VBench-v1/evaluate.py", line 139, in main
[rank0]:     my_VBench.evaluate(
[rank0]:   File "/data/zengxin/zwt/external/VBench-v1/vbench/__init__.py", line 150, in evaluate
[rank0]:     raise NotImplementedError(f'UnImplemented dimension {dimension}!, {e}')
[rank0]: NotImplementedError: UnImplemented dimension appearance_style!, No module named 'pkg_resources'
[rank0]:[W707 07:28:41.761234131 ProcessGroupNCCL.cpp:1250] Warning: WARNING: process group has NOT been destroyed before we destruct ProcessGroupNCCL. On normal program exit, the application should call destroy_process_group to ensure that any pending NCCL operations have finished in this process. In rare cases this process can exit before this point and block the progress of another member of the process group. This constraint has always been present,  but this warning has only been added since PyTorch 2.4 (function operator())
