[rank0]:[W707 07:16:22.867077256 ProcessGroupNCCL.cpp:4115] [PG ID 0 PG GUID 0 Rank 0]  using GPU 0 to perform barrier as devices used by this process are currently unknown. This can potentially cause a hang if this rank to GPU mapping is incorrect.Specify device_ids in barrier() to force use of a particular device,or call init_process_group() with a device_id.
args: Namespace(output_path='/data/zengxin/zwt/face_study/outputs/official_vbench_v1_consisid/consisid_official_vbench_v1_single_20260705_155651/evaluation/temporal_flickering', full_json_dir='/data/zengxin/zwt/external/VBench-v1/vbench/VBench_full_info.json', videos_path='/data/zengxin/zwt/face_study/data/generated_official_vbench/consisid_official_vbench_v1_single_20260705_155651_standard_names', dimension=['temporal_flickering'], load_ckpt_from_local=None, read_frame=None, mode='vbench_standard', prompt='None', prompt_file=None, category=None, imaging_quality_preprocessing_mode='longer')
start evaluation
WARNING!!! This required video is not found! Missing benchmark videos can lead to unfair evaluation result. The missing video is: In a still frame, a stop sign-1.mp4
WARNING!!! This required video is not found! Missing benchmark videos can lead to unfair evaluation result. The missing video is: In a still frame, a stop sign-2.mp4
WARNING!!! This required video is not found! Missing benchmark videos can lead to unfair evaluation result. The missing video is: In a still frame, a stop sign-3.mp4
WARNING!!! This required video is not found! Missing benchmark videos can lead to unfair evaluation result. The missing video is: In a still frame, a stop sign-4.mp4
WARNING!!! This required video is not found! Missing benchmark videos can lead to unfair evaluation result. The missing video is: a toilet, frozen in time-1.mp4
WARNING!!! This required video is not found! Missing benchmark videos can lead to unfair evaluation result. The missing video is: a toilet, frozen in time-2.mp4
WARNING!!! This required video is not found! Missing benchmark videos can lead to unfair evaluation result. The missing video is: a toilet, frozen in time-3.mp4
WARNING!!! This required video is not found! Missing benchmark videos can lead to unfair evaluation result. The missing video is: a toilet, frozen in time-4.mp4
WARNING!!! This required video is not found! Missing benchmark videos can lead to unfair evaluation result. The missing video is: a laptop, frozen in time-1.mp4
WARNING!!! This required video is not found! Missing benchmark videos can lead to unfair evaluation result. The missing video is: a laptop, frozen in time-2.mp4
WARNING!!! This required video is not found! Missing benchmark videos can lead to unfair evaluation result. The missing video is: a laptop, frozen in time-3.mp4
WARNING!!! This required video is not found! Missing benchmark videos can lead to unfair evaluation result. The missing video is: a laptop, frozen in time-4.mp4
WARNING!!! This required video is not found! Missing benchmark videos can lead to unfair evaluation result. The missing video is: A tranquil tableau of alley-1.mp4
WARNING!!! This required video is not found! Missing benchmark videos can lead to unfair evaluation result. The missing video is: A tranquil tableau of alley-2.mp4
WARNING!!! This required video is not found! Missing benchmark videos can lead to unfair evaluation result. The missing video is: A tranquil tableau of alley-3.mp4
WARNING!!! This required video is not found! Missing benchmark videos can lead to unfair evaluation result. The missing video is: A tranquil tableau of alley-4.mp4
WARNING!!! This required video is not found! Missing benchmark videos can lead to unfair evaluation result. The missing video is: A tranquil tableau of bar-1.mp4
WARNING!!! This required video is not found! Missing benchmark videos can lead to unfair evaluation result. The missing video is: A tranquil tableau of bar-2.mp4
WARNING!!! This required video is not found! Missing benchmark videos can lead to unfair evaluation result. The missing video is: A tranquil tableau of bar-3.mp4
WARNING!!! This required video is not found! Missing benchmark videos can lead to unfair evaluation result. The missing video is: A tranquil tableau of bar-4.mp4
WARNING!!! This required video is not found! Missing benchmark videos can lead to unfair evaluation result. The missing video is: A tranquil tableau of barn-1.mp4
WARNING!!! This required video is not found! Missing benchmark videos can lead to unfair evaluation result. The missing video is: A tranquil tableau of barn-2.mp4
WARNING!!! This required video is not found! Missing benchmark videos can lead to unfair evaluation result. The missing video is: A tranquil tableau of barn-3.mp4
WARNING!!! This required video is not found! Missing benchmark videos can lead to unfair evaluation result. The missing video is: A tranquil tableau of barn-4.mp4
WARNING!!! This required video is not found! Missing benchmark videos can lead to unfair evaluation result. The missing video is: A tranquil tableau of bathroom-1.mp4
WARNING!!! This required video is not found! Missing benchmark videos can lead to unfair evaluation result. The missing video is: A tranquil tableau of bathroom-2.mp4
WARNING!!! This required video is not found! Missing benchmark videos can lead to unfair evaluation result. The missing video is: A tranquil tableau of bathroom-3.mp4
WARNING!!! This required video is not found! Missing benchmark videos can lead to unfair evaluation result. The missing video is: A tranquil tableau of bathroom-4.mp4
WARNING!!! This required video is not found! Missing benchmark videos can lead to unfair evaluation result. The missing video is: A tranquil tableau of bedroom-1.mp4
WARNING!!! This required video is not found! Missing benchmark videos can lead to unfair evaluation result. The missing video is: A tranquil tableau of bedroom-2.mp4
WARNING!!! This required video is not found! Missing benchmark videos can lead to unfair evaluation result. The missing video is: A tranquil tableau of bedroom-3.mp4
WARNING!!! This required video is not found! Missing benchmark videos can lead to unfair evaluation result. The missing video is: A tranquil tableau of bedroom-4.mp4
WARNING!!! This required video is not found! Missing benchmark videos can lead to unfair evaluation result. The missing video is: A tranquil tableau of cliff-1.mp4
WARNING!!! This required video is not found! Missing benchmark videos can lead to unfair evaluation result. The missing video is: A tranquil tableau of cliff-2.mp4
WARNING!!! This required video is not found! Missing benchmark videos can lead to unfair evaluation result. The missing video is: A tranquil tableau of cliff-3.mp4
WARNING!!! This required video is not found! Missing benchmark videos can lead to unfair evaluation result. The missing video is: A tranquil tableau of cliff-4.mp4
WARNING!!! This required video is not found! Missing benchmark videos can lead to unfair evaluation result. The missing video is: In a still frame, courtyard-1.mp4
WARNING!!! This required video is not found! Missing benchmark videos can lead to unfair evaluation result. The missing video is: In a still frame, courtyard-2.mp4
WARNING!!! This required video is not found! Missing benchmark videos can lead to unfair evaluation result. The missing video is: In a still frame, courtyard-3.mp4
WARNING!!! This required video is not found! Missing benchmark videos can lead to unfair evaluation result. The missing video is: In a still frame, courtyard-4.mp4
WARNING!!! This required video is not found! Missing benchmark videos can lead to unfair evaluation result. The missing video is: In a still frame, gas station-1.mp4
WARNING!!! This required video is not found! Missing benchmark videos can lead to unfair evaluation result. The missing video is: In a still frame, gas station-2.mp4
WARNING!!! This required video is not found! Missing benchmark videos can lead to unfair evaluation result. The missing video is: In a still frame, gas station-3.mp4
WARNING!!! This required video is not found! Missing benchmark videos can lead to unfair evaluation result. The missing video is: In a still frame, gas station-4.mp4
WARNING!!! This required video is not found! Missing benchmark videos can lead to unfair evaluation result. The missing video is: A tranquil tableau of house-1.mp4
WARNING!!! This required video is not found! Missing benchmark videos can lead to unfair evaluation result. The missing video is: A tranquil tableau of house-2.mp4
WARNING!!! This required video is not found! Missing benchmark videos can lead to unfair evaluation result. The missing video is: A tranquil tableau of house-3.mp4
WARNING!!! This required video is not found! Missing benchmark videos can lead to unfair evaluation result. The missing video is: A tranquil tableau of house-4.mp4
WARNING!!! This required video is not found! Missing benchmark videos can lead to unfair evaluation result. The missing video is: indoor gymnasium, frozen in time-1.mp4
WARNING!!! This required video is not found! Missing benchmark videos can lead to unfair evaluation result. The missing video is: indoor gymnasium, frozen in time-2.mp4
WARNING!!! This required video is not found! Missing benchmark videos can lead to unfair evaluation result. The missing video is: indoor gymnasium, frozen in time-3.mp4
WARNING!!! This required video is not found! Missing benchmark videos can lead to unfair evaluation result. The missing video is: indoor gymnasium, frozen in time-4.mp4
WARNING!!! This required video is not found! Missing benchmark videos can lead to unfair evaluation result. The missing video is: A tranquil tableau of indoor library-1.mp4
WARNING!!! This required video is not found! Missing benchmark videos can lead to unfair evaluation result. The missing video is: A tranquil tableau of indoor library-2.mp4
WARNING!!! This required video is not found! Missing benchmark videos can lead to unfair evaluation result. The missing video is: A tranquil tableau of indoor library-3.mp4
WARNING!!! This required video is not found! Missing benchmark videos can lead to unfair evaluation result. The missing video is: A tranquil tableau of indoor library-4.mp4
WARNING!!! This required video is not found! Missing benchmark videos can lead to unfair evaluation result. The missing video is: A tranquil tableau of kitchen-1.mp4
WARNING!!! This required video is not found! Missing benchmark videos can lead to unfair evaluation result. The missing video is: A tranquil tableau of kitchen-2.mp4
WARNING!!! This required video is not found! Missing benchmark videos can lead to unfair evaluation result. The missing video is: A tranquil tableau of kitchen-3.mp4
WARNING!!! This required video is not found! Missing benchmark videos can lead to unfair evaluation result. The missing video is: A tranquil tableau of kitchen-4.mp4
WARNING!!! This required video is not found! Missing benchmark videos can lead to unfair evaluation result. The missing video is: A tranquil tableau of palace-1.mp4
WARNING!!! This required video is not found! Missing benchmark videos can lead to unfair evaluation result. The missing video is: A tranquil tableau of palace-2.mp4
WARNING!!! This required video is not found! Missing benchmark videos can lead to unfair evaluation result. The missing video is: A tranquil tableau of palace-3.mp4
WARNING!!! This required video is not found! Missing benchmark videos can lead to unfair evaluation result. The missing video is: A tranquil tableau of palace-4.mp4
WARNING!!! This required video is not found! Missing benchmark videos can lead to unfair evaluation result. The missing video is: In a still frame, parking lot-1.mp4
WARNING!!! This required video is not found! Missing benchmark videos can lead to unfair evaluation result. The missing video is: In a still frame, parking lot-2.mp4
WARNING!!! This required video is not found! Missing benchmark videos can lead to unfair evaluation result. The missing video is: In a still frame, parking lot-3.mp4
WARNING!!! This required video is not found! Missing benchmark videos can lead to unfair evaluation result. The missing video is: In a still frame, parking lot-4.mp4
WARNING!!! This required video is not found! Missing benchmark videos can lead to unfair evaluation result. The missing video is: In a still frame, phone booth-1.mp4
WARNING!!! This required video is not found! Missing benchmark videos can lead to unfair evaluation result. The missing video is: In a still frame, phone booth-2.mp4
WARNING!!! This required video is not found! Missing benchmark videos can lead to unfair evaluation result. The missing video is: In a still frame, phone booth-3.mp4
WARNING!!! This required video is not found! Missing benchmark videos can lead to unfair evaluation result. The missing video is: In a still frame, phone booth-4.mp4
WARNING!!! This required video is not found! Missing benchmark videos can lead to unfair evaluation result. The missing video is: A tranquil tableau of restaurant-1.mp4
WARNING!!! This required video is not found! Missing benchmark videos can lead to unfair evaluation result. The missing video is: A tranquil tableau of restaurant-2.mp4
WARNING!!! This required video is not found! Missing benchmark videos can lead to unfair evaluation result. The missing video is: A tranquil tableau of restaurant-3.mp4
WARNING!!! This required video is not found! Missing benchmark videos can lead to unfair evaluation result. The missing video is: A tranquil tableau of restaurant-4.mp4
WARNING!!! This required video is not found! Missing benchmark videos can lead to unfair evaluation result. The missing video is: A tranquil tableau of tower-1.mp4
WARNING!!! This required video is not found! Missing benchmark videos can lead to unfair evaluation result. The missing video is: A tranquil tableau of tower-2.mp4
WARNING!!! This required video is not found! Missing benchmark videos can lead to unfair evaluation result. The missing video is: A tranquil tableau of tower-3.mp4
WARNING!!! This required video is not found! Missing benchmark videos can lead to unfair evaluation result. The missing video is: A tranquil tableau of tower-4.mp4
WARNING!!! This required video is not found! Missing benchmark videos can lead to unfair evaluation result. The missing video is: A tranquil tableau of a bowl-1.mp4
WARNING!!! This required video is not found! Missing benchmark videos can lead to unfair evaluation result. The missing video is: A tranquil tableau of a bowl-2.mp4
WARNING!!! This required video is not found! Missing benchmark videos can lead to unfair evaluation result. The missing video is: A tranquil tableau of a bowl-3.mp4
WARNING!!! This required video is not found! Missing benchmark videos can lead to unfair evaluation result. The missing video is: A tranquil tableau of a bowl-4.mp4
WARNING!!! This required video is not found! Missing benchmark videos can lead to unfair evaluation result. The missing video is: A tranquil tableau of an apple-1.mp4
WARNING!!! This required video is not found! Missing benchmark videos can lead to unfair evaluation result. The missing video is: A tranquil tableau of an apple-2.mp4
WARNING!!! This required video is not found! Missing benchmark videos can lead to unfair evaluation result. The missing video is: A tranquil tableau of an apple-3.mp4
WARNING!!! This required video is not found! Missing benchmark videos can lead to unfair evaluation result. The missing video is: A tranquil tableau of an apple-4.mp4
WARNING!!! This required video is not found! Missing benchmark videos can lead to unfair evaluation result. The missing video is: A tranquil tableau of a bench-1.mp4
WARNING!!! This required video is not found! Missing benchmark videos can lead to unfair evaluation result. The missing video is: A tranquil tableau of a bench-2.mp4
WARNING!!! This required video is not found! Missing benchmark videos can lead to unfair evaluation result. The missing video is: A tranquil tableau of a bench-3.mp4
WARNING!!! This required video is not found! Missing benchmark videos can lead to unfair evaluation result. The missing video is: A tranquil tableau of a bench-4.mp4
WARNING!!! This required video is not found! Missing benchmark videos can lead to unfair evaluation result. The missing video is: A tranquil tableau of a bed-1.mp4
WARNING!!! This required video is not found! Missing benchmark videos can lead to unfair evaluation result. The missing video is: A tranquil tableau of a bed-2.mp4
WARNING!!! This required video is not found! Missing benchmark videos can lead to unfair evaluation result. The missing video is: A tranquil tableau of a bed-3.mp4
WARNING!!! This required video is not found! Missing benchmark videos can lead to unfair evaluation result. The missing video is: A tranquil tableau of a bed-4.mp4
WARNING!!! This required video is not found! Missing benchmark videos can lead to unfair evaluation result. The missing video is: A tranquil tableau of a chair-1.mp4
WARNING!!! This required video is not found! Missing benchmark videos can lead to unfair evaluation result. The missing video is: A tranquil tableau of a chair-2.mp4
WARNING!!! This required video is not found! Missing benchmark videos can lead to unfair evaluation result. The missing video is: A tranquil tableau of a chair-3.mp4
WARNING!!! This required video is not found! Missing benchmark videos can lead to unfair evaluation result. The missing video is: A tranquil tableau of a chair-4.mp4
WARNING!!! This required video is not found! Missing benchmark videos can lead to unfair evaluation result. The missing video is: A tranquil tableau of a cup-1.mp4
WARNING!!! This required video is not found! Missing benchmark videos can lead to unfair evaluation result. The missing video is: A tranquil tableau of a cup-2.mp4
WARNING!!! This required video is not found! Missing benchmark videos can lead to unfair evaluation result. The missing video is: A tranquil tableau of a cup-3.mp4
WARNING!!! This required video is not found! Missing benchmark videos can lead to unfair evaluation result. The missing video is: A tranquil tableau of a cup-4.mp4
WARNING!!! This required video is not found! Missing benchmark videos can lead to unfair evaluation result. The missing video is: A tranquil tableau of a dining table-1.mp4
WARNING!!! This required video is not found! Missing benchmark videos can lead to unfair evaluation result. The missing video is: A tranquil tableau of a dining table-2.mp4
WARNING!!! This required video is not found! Missing benchmark videos can lead to unfair evaluation result. The missing video is: A tranquil tableau of a dining table-3.mp4
WARNING!!! This required video is not found! Missing benchmark videos can lead to unfair evaluation result. The missing video is: A tranquil tableau of a dining table-4.mp4
WARNING!!! This required video is not found! Missing benchmark videos can lead to unfair evaluation result. The missing video is: In a still frame, a pear-1.mp4
WARNING!!! This required video is not found! Missing benchmark videos can lead to unfair evaluation result. The missing video is: In a still frame, a pear-2.mp4
WARNING!!! This required video is not found! Missing benchmark videos can lead to unfair evaluation result. The missing video is: In a still frame, a pear-3.mp4
WARNING!!! This required video is not found! Missing benchmark videos can lead to unfair evaluation result. The missing video is: In a still frame, a pear-4.mp4
WARNING!!! This required video is not found! Missing benchmark videos can lead to unfair evaluation result. The missing video is: A tranquil tableau of a bunch of grapes-1.mp4
WARNING!!! This required video is not found! Missing benchmark videos can lead to unfair evaluation result. The missing video is: A tranquil tableau of a bunch of grapes-2.mp4
WARNING!!! This required video is not found! Missing benchmark videos can lead to unfair evaluation result. The missing video is: A tranquil tableau of a bunch of grapes-3.mp4
WARNING!!! This required video is not found! Missing benchmark videos can lead to unfair evaluation result. The missing video is: A tranquil tableau of a bunch of grapes-4.mp4
WARNING!!! This required video is not found! Missing benchmark videos can lead to unfair evaluation result. The missing video is: A tranquil tableau of a bowl on the kitchen counter-1.mp4
WARNING!!! This required video is not found! Missing benchmark videos can lead to unfair evaluation result. The missing video is: A tranquil tableau of a bowl on the kitchen counter-2.mp4
WARNING!!! This required video is not found! Missing benchmark videos can lead to unfair evaluation result. The missing video is: A tranquil tableau of a bowl on the kitchen counter-3.mp4
WARNING!!! This required video is not found! Missing benchmark videos can lead to unfair evaluation result. The missing video is: A tranquil tableau of a bowl on the kitchen counter-4.mp4
WARNING!!! This required video is not found! Missing benchmark videos can lead to unfair evaluation result. The missing video is: A tranquil tableau of a beautiful, handcrafted ceramic bowl-1.mp4
WARNING!!! This required video is not found! Missing benchmark videos can lead to unfair evaluation result. The missing video is: A tranquil tableau of a beautiful, handcrafted ceramic bowl-2.mp4
WARNING!!! This required video is not found! Missing benchmark videos can lead to unfair evaluation result. The missing video is: A tranquil tableau of a beautiful, handcrafted ceramic bowl-3.mp4
WARNING!!! This required video is not found! Missing benchmark videos can lead to unfair evaluation result. The missing video is: A tranquil tableau of a beautiful, handcrafted ceramic bowl-4.mp4
WARNING!!! This required video is not found! Missing benchmark videos can lead to unfair evaluation result. The missing video is: A tranquil tableau of an antique bowl-1.mp4
WARNING!!! This required video is not found! Missing benchmark videos can lead to unfair evaluation result. The missing video is: A tranquil tableau of an antique bowl-2.mp4
WARNING!!! This required video is not found! Missing benchmark videos can lead to unfair evaluation result. The missing video is: A tranquil tableau of an antique bowl-3.mp4
WARNING!!! This required video is not found! Missing benchmark videos can lead to unfair evaluation result. The missing video is: A tranquil tableau of an antique bowl-4.mp4
WARNING!!! This required video is not found! Missing benchmark videos can lead to unfair evaluation result. The missing video is: A tranquil tableau of an exquisite mahogany dining table-1.mp4
WARNING!!! This required video is not found! Missing benchmark videos can lead to unfair evaluation result. The missing video is: A tranquil tableau of an exquisite mahogany dining table-2.mp4
WARNING!!! This required video is not found! Missing benchmark videos can lead to unfair evaluation result. The missing video is: A tranquil tableau of an exquisite mahogany dining table-3.mp4
WARNING!!! This required video is not found! Missing benchmark videos can lead to unfair evaluation result. The missing video is: A tranquil tableau of an exquisite mahogany dining table-4.mp4
WARNING!!! This required video is not found! Missing benchmark videos can lead to unfair evaluation result. The missing video is: A tranquil tableau of a wooden bench in the park-1.mp4
WARNING!!! This required video is not found! Missing benchmark videos can lead to unfair evaluation result. The missing video is: A tranquil tableau of a wooden bench in the park-2.mp4
WARNING!!! This required video is not found! Missing benchmark videos can lead to unfair evaluation result. The missing video is: A tranquil tableau of a wooden bench in the park-3.mp4
WARNING!!! This required video is not found! Missing benchmark videos can lead to unfair evaluation result. The missing video is: A tranquil tableau of a wooden bench in the park-4.mp4
WARNING!!! This required video is not found! Missing benchmark videos can lead to unfair evaluation result. The missing video is: A tranquil tableau of a beautiful wrought-iron bench surrounded by blooming flowers-1.mp4
WARNING!!! This required video is not found! Missing benchmark videos can lead to unfair evaluation result. The missing video is: A tranquil tableau of a beautiful wrought-iron bench surrounded by blooming flowers-2.mp4
WARNING!!! This required video is not found! Missing benchmark videos can lead to unfair evaluation result. The missing video is: A tranquil tableau of a beautiful wrought-iron bench surrounded by blooming flowers-3.mp4
WARNING!!! This required video is not found! Missing benchmark videos can lead to unfair evaluation result. The missing video is: A tranquil tableau of a beautiful wrought-iron bench surrounded by blooming flowers-4.mp4
WARNING!!! This required video is not found! Missing benchmark videos can lead to unfair evaluation result. The missing video is: In a still frame, a park bench with a view of the lake-1.mp4
WARNING!!! This required video is not found! Missing benchmark videos can lead to unfair evaluation result. The missing video is: In a still frame, a park bench with a view of the lake-2.mp4
WARNING!!! This required video is not found! Missing benchmark videos can lead to unfair evaluation result. The missing video is: In a still frame, a park bench with a view of the lake-3.mp4
WARNING!!! This required video is not found! Missing benchmark videos can lead to unfair evaluation result. The missing video is: In a still frame, a park bench with a view of the lake-4.mp4
WARNING!!! This required video is not found! Missing benchmark videos can lead to unfair evaluation result. The missing video is: A tranquil tableau of a vintage rocking chair was placed on the porch-1.mp4
WARNING!!! This required video is not found! Missing benchmark videos can lead to unfair evaluation result. The missing video is: A tranquil tableau of a vintage rocking chair was placed on the porch-2.mp4
WARNING!!! This required video is not found! Missing benchmark videos can lead to unfair evaluation result. The missing video is: A tranquil tableau of a vintage rocking chair was placed on the porch-3.mp4
WARNING!!! This required video is not found! Missing benchmark videos can lead to unfair evaluation result. The missing video is: A tranquil tableau of a vintage rocking chair was placed on the porch-4.mp4
WARNING!!! This required video is not found! Missing benchmark videos can lead to unfair evaluation result. The missing video is: A tranquil tableau of the jail cell was small and dimly lit, with cold, steel bars-1.mp4
WARNING!!! This required video is not found! Missing benchmark videos can lead to unfair evaluation result. The missing video is: A tranquil tableau of the jail cell was small and dimly lit, with cold, steel bars-2.mp4
WARNING!!! This required video is not found! Missing benchmark videos can lead to unfair evaluation result. The missing video is: A tranquil tableau of the jail cell was small and dimly lit, with cold, steel bars-3.mp4
WARNING!!! This required video is not found! Missing benchmark videos can lead to unfair evaluation result. The missing video is: A tranquil tableau of the jail cell was small and dimly lit, with cold, steel bars-4.mp4
WARNING!!! This required video is not found! Missing benchmark videos can lead to unfair evaluation result. The missing video is: A tranquil tableau of the phone booth was tucked away in a quiet alley-1.mp4
WARNING!!! This required video is not found! Missing benchmark videos can lead to unfair evaluation result. The missing video is: A tranquil tableau of the phone booth was tucked away in a quiet alley-2.mp4
WARNING!!! This required video is not found! Missing benchmark videos can lead to unfair evaluation result. The missing video is: A tranquil tableau of the phone booth was tucked away in a quiet alley-3.mp4
WARNING!!! This required video is not found! Missing benchmark videos can lead to unfair evaluation result. The missing video is: A tranquil tableau of the phone booth was tucked away in a quiet alley-4.mp4
WARNING!!! This required video is not found! Missing benchmark videos can lead to unfair evaluation result. The missing video is: a dilapidated phone booth stood as a relic of a bygone era on the sidewalk, frozen in time-1.mp4
WARNING!!! This required video is not found! Missing benchmark videos can lead to unfair evaluation result. The missing video is: a dilapidated phone booth stood as a relic of a bygone era on the sidewalk, frozen in time-2.mp4
WARNING!!! This required video is not found! Missing benchmark videos can lead to unfair evaluation result. The missing video is: a dilapidated phone booth stood as a relic of a bygone era on the sidewalk, frozen in time-3.mp4
WARNING!!! This required video is not found! Missing benchmark videos can lead to unfair evaluation result. The missing video is: a dilapidated phone booth stood as a relic of a bygone era on the sidewalk, frozen in time-4.mp4
WARNING!!! This required video is not found! Missing benchmark videos can lead to unfair evaluation result. The missing video is: A tranquil tableau of the old red barn stood weathered and iconic against the backdrop of the countryside-1.mp4
WARNING!!! This required video is not found! Missing benchmark videos can lead to unfair evaluation result. The missing video is: A tranquil tableau of the old red barn stood weathered and iconic against the backdrop of the countryside-2.mp4
WARNING!!! This required video is not found! Missing benchmark videos can lead to unfair evaluation result. The missing video is: A tranquil tableau of the old red barn stood weathered and iconic against the backdrop of the countryside-3.mp4
WARNING!!! This required video is not found! Missing benchmark videos can lead to unfair evaluation result. The missing video is: A tranquil tableau of the old red barn stood weathered and iconic against the backdrop of the countryside-4.mp4
WARNING!!! This required video is not found! Missing benchmark videos can lead to unfair evaluation result. The missing video is: A tranquil tableau of a picturesque barn was painted a warm shade of red and nestled in a picturesque meadow-1.mp4
WARNING!!! This required video is not found! Missing benchmark videos can lead to unfair evaluation result. The missing video is: A tranquil tableau of a picturesque barn was painted a warm shade of red and nestled in a picturesque meadow-2.mp4
WARNING!!! This required video is not found! Missing benchmark videos can lead to unfair evaluation result. The missing video is: A tranquil tableau of a picturesque barn was painted a warm shade of red and nestled in a picturesque meadow-3.mp4
WARNING!!! This required video is not found! Missing benchmark videos can lead to unfair evaluation result. The missing video is: A tranquil tableau of a picturesque barn was painted a warm shade of red and nestled in a picturesque meadow-4.mp4
WARNING!!! This required video is not found! Missing benchmark videos can lead to unfair evaluation result. The missing video is: In a still frame, within the desolate desert, an oasis unfolded, characterized by the stoic presence of palm trees and a motionless, glassy pool of water-1.mp4
WARNING!!! This required video is not found! Missing benchmark videos can lead to unfair evaluation result. The missing video is: In a still frame, within the desolate desert, an oasis unfolded, characterized by the stoic presence of palm trees and a motionless, glassy pool of water-2.mp4
WARNING!!! This required video is not found! Missing benchmark videos can lead to unfair evaluation result. The missing video is: In a still frame, within the desolate desert, an oasis unfolded, characterized by the stoic presence of palm trees and a motionless, glassy pool of water-3.mp4
WARNING!!! This required video is not found! Missing benchmark videos can lead to unfair evaluation result. The missing video is: In a still frame, within the desolate desert, an oasis unfolded, characterized by the stoic presence of palm trees and a motionless, glassy pool of water-4.mp4
WARNING!!! This required video is not found! Missing benchmark videos can lead to unfair evaluation result. The missing video is: In a still frame, the Parthenon's majestic Doric columns stand in serene solitude atop the Acropolis, framed by the tranquil Athenian landscape-1.mp4
WARNING!!! This required video is not found! Missing benchmark videos can lead to unfair evaluation result. The missing video is: In a still frame, the Parthenon's majestic Doric columns stand in serene solitude atop the Acropolis, framed by the tranquil Athenian landscape-2.mp4
WARNING!!! This required video is not found! Missing benchmark videos can lead to unfair evaluation result. The missing video is: In a still frame, the Parthenon's majestic Doric columns stand in serene solitude atop the Acropolis, framed by the tranquil Athenian landscape-3.mp4
WARNING!!! This required video is not found! Missing benchmark videos can lead to unfair evaluation result. The missing video is: In a still frame, the Parthenon's majestic Doric columns stand in serene solitude atop the Acropolis, framed by the tranquil Athenian landscape-4.mp4
WARNING!!! This required video is not found! Missing benchmark videos can lead to unfair evaluation result. The missing video is: In a still frame, the Temple of Hephaestus, with its timeless Doric grace, stands stoically against the backdrop of a quiet Athens-1.mp4
WARNING!!! This required video is not found! Missing benchmark videos can lead to unfair evaluation result. The missing video is: In a still frame, the Temple of Hephaestus, with its timeless Doric grace, stands stoically against the backdrop of a quiet Athens-2.mp4
WARNING!!! This required video is not found! Missing benchmark videos can lead to unfair evaluation result. The missing video is: In a still frame, the Temple of Hephaestus, with its timeless Doric grace, stands stoically against the backdrop of a quiet Athens-3.mp4
WARNING!!! This required video is not found! Missing benchmark videos can lead to unfair evaluation result. The missing video is: In a still frame, the Temple of Hephaestus, with its timeless Doric grace, stands stoically against the backdrop of a quiet Athens-4.mp4
WARNING!!! This required video is not found! Missing benchmark videos can lead to unfair evaluation result. The missing video is: In a still frame, the ornate Victorian streetlamp stands solemnly, adorned with intricate ironwork and stained glass panels-1.mp4
WARNING!!! This required video is not found! Missing benchmark videos can lead to unfair evaluation result. The missing video is: In a still frame, the ornate Victorian streetlamp stands solemnly, adorned with intricate ironwork and stained glass panels-2.mp4
WARNING!!! This required video is not found! Missing benchmark videos can lead to unfair evaluation result. The missing video is: In a still frame, the ornate Victorian streetlamp stands solemnly, adorned with intricate ironwork and stained glass panels-3.mp4
WARNING!!! This required video is not found! Missing benchmark videos can lead to unfair evaluation result. The missing video is: In a still frame, the ornate Victorian streetlamp stands solemnly, adorned with intricate ironwork and stained glass panels-4.mp4
WARNING!!! This required video is not found! Missing benchmark videos can lead to unfair evaluation result. The missing video is: A tranquil tableau of the Stonehenge presented itself as an enigmatic puzzle, each colossal stone meticulously placed against the backdrop of tranquility-1.mp4
WARNING!!! This required video is not found! Missing benchmark videos can lead to unfair evaluation result. The missing video is: A tranquil tableau of the Stonehenge presented itself as an enigmatic puzzle, each colossal stone meticulously placed against the backdrop of tranquility-2.mp4
WARNING!!! This required video is not found! Missing benchmark videos can lead to unfair evaluation result. The missing video is: A tranquil tableau of the Stonehenge presented itself as an enigmatic puzzle, each colossal stone meticulously placed against the backdrop of tranquility-3.mp4
WARNING!!! This required video is not found! Missing benchmark videos can lead to unfair evaluation result. The missing video is: A tranquil tableau of the Stonehenge presented itself as an enigmatic puzzle, each colossal stone meticulously placed against the backdrop of tranquility-4.mp4
WARNING!!! This required video is not found! Missing benchmark videos can lead to unfair evaluation result. The missing video is: In a still frame, in the vast desert, an oasis nestled among dunes, featuring tall palm trees and an air of serenity-1.mp4
WARNING!!! This required video is not found! Missing benchmark videos can lead to unfair evaluation result. The missing video is: In a still frame, in the vast desert, an oasis nestled among dunes, featuring tall palm trees and an air of serenity-2.mp4
WARNING!!! This required video is not found! Missing benchmark videos can lead to unfair evaluation result. The missing video is: In a still frame, in the vast desert, an oasis nestled among dunes, featuring tall palm trees and an air of serenity-3.mp4
WARNING!!! This required video is not found! Missing benchmark videos can lead to unfair evaluation result. The missing video is: In a still frame, in the vast desert, an oasis nestled among dunes, featuring tall palm trees and an air of serenity-4.mp4
WARNING!!! This required video is not found! Missing benchmark videos can lead to unfair evaluation result. The missing video is: static view on a desert scene with an oasis, palm trees, and a clear, calm pool of water-1.mp4
WARNING!!! This required video is not found! Missing benchmark videos can lead to unfair evaluation result. The missing video is: static view on a desert scene with an oasis, palm trees, and a clear, calm pool of water-2.mp4
WARNING!!! This required video is not found! Missing benchmark videos can lead to unfair evaluation result. The missing video is: static view on a desert scene with an oasis, palm trees, and a clear, calm pool of water-3.mp4
WARNING!!! This required video is not found! Missing benchmark videos can lead to unfair evaluation result. The missing video is: static view on a desert scene with an oasis, palm trees, and a clear, calm pool of water-4.mp4
WARNING!!! This required video is not found! Missing benchmark videos can lead to unfair evaluation result. The missing video is: A tranquil tableau of an ornate Victorian streetlamp standing on a cobblestone street corner, illuminating the empty night-1.mp4
WARNING!!! This required video is not found! Missing benchmark videos can lead to unfair evaluation result. The missing video is: A tranquil tableau of an ornate Victorian streetlamp standing on a cobblestone street corner, illuminating the empty night-2.mp4
WARNING!!! This required video is not found! Missing benchmark videos can lead to unfair evaluation result. The missing video is: A tranquil tableau of an ornate Victorian streetlamp standing on a cobblestone street corner, illuminating the empty night-3.mp4
WARNING!!! This required video is not found! Missing benchmark videos can lead to unfair evaluation result. The missing video is: A tranquil tableau of an ornate Victorian streetlamp standing on a cobblestone street corner, illuminating the empty night-4.mp4
WARNING!!! This required video is not found! Missing benchmark videos can lead to unfair evaluation result. The missing video is: A tranquil tableau of a tranquil lakeside cabin nestled among tall pines, its reflection mirrored perfectly in the calm water-1.mp4
WARNING!!! This required video is not found! Missing benchmark videos can lead to unfair evaluation result. The missing video is: A tranquil tableau of a tranquil lakeside cabin nestled among tall pines, its reflection mirrored perfectly in the calm water-2.mp4
WARNING!!! This required video is not found! Missing benchmark videos can lead to unfair evaluation result. The missing video is: A tranquil tableau of a tranquil lakeside cabin nestled among tall pines, its reflection mirrored perfectly in the calm water-3.mp4
WARNING!!! This required video is not found! Missing benchmark videos can lead to unfair evaluation result. The missing video is: A tranquil tableau of a tranquil lakeside cabin nestled among tall pines, its reflection mirrored perfectly in the calm water-4.mp4
WARNING!!! This required video is not found! Missing benchmark videos can lead to unfair evaluation result. The missing video is: In a still frame, a vintage gas lantern, adorned with intricate details, gracing a historic cobblestone square-1.mp4
WARNING!!! This required video is not found! Missing benchmark videos can lead to unfair evaluation result. The missing video is: In a still frame, a vintage gas lantern, adorned with intricate details, gracing a historic cobblestone square-2.mp4
WARNING!!! This required video is not found! Missing benchmark videos can lead to unfair evaluation result. The missing video is: In a still frame, a vintage gas lantern, adorned with intricate details, gracing a historic cobblestone square-3.mp4
WARNING!!! This required video is not found! Missing benchmark videos can lead to unfair evaluation result. The missing video is: In a still frame, a vintage gas lantern, adorned with intricate details, gracing a historic cobblestone square-4.mp4
WARNING!!! This required video is not found! Missing benchmark videos can lead to unfair evaluation result. The missing video is: In a still frame, a tranquil Japanese tea ceremony room, with tatami mats, a delicate tea set, and a bonsai tree in the corner-1.mp4
WARNING!!! This required video is not found! Missing benchmark videos can lead to unfair evaluation result. The missing video is: In a still frame, a tranquil Japanese tea ceremony room, with tatami mats, a delicate tea set, and a bonsai tree in the corner-2.mp4
WARNING!!! This required video is not found! Missing benchmark videos can lead to unfair evaluation result. The missing video is: In a still frame, a tranquil Japanese tea ceremony room, with tatami mats, a delicate tea set, and a bonsai tree in the corner-3.mp4
WARNING!!! This required video is not found! Missing benchmark videos can lead to unfair evaluation result. The missing video is: In a still frame, a tranquil Japanese tea ceremony room, with tatami mats, a delicate tea set, and a bonsai tree in the corner-4.mp4
WARNING!!! This required video is not found! Missing benchmark videos can lead to unfair evaluation result. The missing video is: A tranquil tableau of the Parthenon stands resolute in its classical elegance, a timeless symbol of Athens' cultural legacy-1.mp4
WARNING!!! This required video is not found! Missing benchmark videos can lead to unfair evaluation result. The missing video is: A tranquil tableau of the Parthenon stands resolute in its classical elegance, a timeless symbol of Athens' cultural legacy-2.mp4
WARNING!!! This required video is not found! Missing benchmark videos can lead to unfair evaluation result. The missing video is: A tranquil tableau of the Parthenon stands resolute in its classical elegance, a timeless symbol of Athens' cultural legacy-3.mp4
WARNING!!! This required video is not found! Missing benchmark videos can lead to unfair evaluation result. The missing video is: A tranquil tableau of the Parthenon stands resolute in its classical elegance, a timeless symbol of Athens' cultural legacy-4.mp4
WARNING!!! This required video is not found! Missing benchmark videos can lead to unfair evaluation result. The missing video is: A tranquil tableau of in the heart of Plaka, the neoclassical architecture of the old city harmonizes with the ancient ruins-1.mp4
WARNING!!! This required video is not found! Missing benchmark videos can lead to unfair evaluation result. The missing video is: A tranquil tableau of in the heart of Plaka, the neoclassical architecture of the old city harmonizes with the ancient ruins-2.mp4
WARNING!!! This required video is not found! Missing benchmark videos can lead to unfair evaluation result. The missing video is: A tranquil tableau of in the heart of Plaka, the neoclassical architecture of the old city harmonizes with the ancient ruins-3.mp4
WARNING!!! This required video is not found! Missing benchmark videos can lead to unfair evaluation result. The missing video is: A tranquil tableau of in the heart of Plaka, the neoclassical architecture of the old city harmonizes with the ancient ruins-4.mp4
WARNING!!! This required video is not found! Missing benchmark videos can lead to unfair evaluation result. The missing video is: A tranquil tableau of in the desolate beauty of the American Southwest, Chaco Canyon's ancient ruins whispered tales of an enigmatic civilization that once thrived amidst the arid landscapes-1.mp4
WARNING!!! This required video is not found! Missing benchmark videos can lead to unfair evaluation result. The missing video is: A tranquil tableau of in the desolate beauty of the American Southwest, Chaco Canyon's ancient ruins whispered tales of an enigmatic civilization that once thrived amidst the arid landscapes-2.mp4
WARNING!!! This required video is not found! Missing benchmark videos can lead to unfair evaluation result. The missing video is: A tranquil tableau of in the desolate beauty of the American Southwest, Chaco Canyon's ancient ruins whispered tales of an enigmatic civilization that once thrived amidst the arid landscapes-3.mp4
WARNING!!! This required video is not found! Missing benchmark videos can lead to unfair evaluation result. The missing video is: A tranquil tableau of in the desolate beauty of the American Southwest, Chaco Canyon's ancient ruins whispered tales of an enigmatic civilization that once thrived amidst the arid landscapes-4.mp4
WARNING!!! This required video is not found! Missing benchmark videos can lead to unfair evaluation result. The missing video is: A tranquil tableau of at the edge of the Arabian Desert, the ancient city of Petra beckoned with its enigmatic rock-carved façades-1.mp4
WARNING!!! This required video is not found! Missing benchmark videos can lead to unfair evaluation result. The missing video is: A tranquil tableau of at the edge of the Arabian Desert, the ancient city of Petra beckoned with its enigmatic rock-carved façades-2.mp4
WARNING!!! This required video is not found! Missing benchmark videos can lead to unfair evaluation result. The missing video is: A tranquil tableau of at the edge of the Arabian Desert, the ancient city of Petra beckoned with its enigmatic rock-carved façades-3.mp4
WARNING!!! This required video is not found! Missing benchmark videos can lead to unfair evaluation result. The missing video is: A tranquil tableau of at the edge of the Arabian Desert, the ancient city of Petra beckoned with its enigmatic rock-carved façades-4.mp4
WARNING!!! This required video is not found! Missing benchmark videos can lead to unfair evaluation result. The missing video is: In a still frame, amidst the cobblestone streets, an Art Nouveau lamppost stood tall-1.mp4
WARNING!!! This required video is not found! Missing benchmark videos can lead to unfair evaluation result. The missing video is: In a still frame, amidst the cobblestone streets, an Art Nouveau lamppost stood tall-2.mp4
WARNING!!! This required video is not found! Missing benchmark videos can lead to unfair evaluation result. The missing video is: In a still frame, amidst the cobblestone streets, an Art Nouveau lamppost stood tall-3.mp4
WARNING!!! This required video is not found! Missing benchmark videos can lead to unfair evaluation result. The missing video is: In a still frame, amidst the cobblestone streets, an Art Nouveau lamppost stood tall-4.mp4
WARNING!!! This required video is not found! Missing benchmark videos can lead to unfair evaluation result. The missing video is: A tranquil tableau of in the quaint village square, a traditional wrought-iron streetlamp featured delicate filigree patterns and amber-hued glass panels-1.mp4
WARNING!!! This required video is not found! Missing benchmark videos can lead to unfair evaluation result. The missing video is: A tranquil tableau of in the quaint village square, a traditional wrought-iron streetlamp featured delicate filigree patterns and amber-hued glass panels-2.mp4
WARNING!!! This required video is not found! Missing benchmark videos can lead to unfair evaluation result. The missing video is: A tranquil tableau of in the quaint village square, a traditional wrought-iron streetlamp featured delicate filigree patterns and amber-hued glass panels-3.mp4
WARNING!!! This required video is not found! Missing benchmark videos can lead to unfair evaluation result. The missing video is: A tranquil tableau of in the quaint village square, a traditional wrought-iron streetlamp featured delicate filigree patterns and amber-hued glass panels-4.mp4
WARNING!!! This required video is not found! Missing benchmark videos can lead to unfair evaluation result. The missing video is: A tranquil tableau of the lampposts were adorned with Art Deco motifs, their geometric shapes and frosted glass creating a sense of vintage glamour-1.mp4
WARNING!!! This required video is not found! Missing benchmark videos can lead to unfair evaluation result. The missing video is: A tranquil tableau of the lampposts were adorned with Art Deco motifs, their geometric shapes and frosted glass creating a sense of vintage glamour-2.mp4
WARNING!!! This required video is not found! Missing benchmark videos can lead to unfair evaluation result. The missing video is: A tranquil tableau of the lampposts were adorned with Art Deco motifs, their geometric shapes and frosted glass creating a sense of vintage glamour-3.mp4
WARNING!!! This required video is not found! Missing benchmark videos can lead to unfair evaluation result. The missing video is: A tranquil tableau of the lampposts were adorned with Art Deco motifs, their geometric shapes and frosted glass creating a sense of vintage glamour-4.mp4
WARNING!!! This required video is not found! Missing benchmark videos can lead to unfair evaluation result. The missing video is: In a still frame, in the picturesque square, a Gothic-style lamppost adorned with intricate stone carvings added a touch of medieval charm to the setting-1.mp4
WARNING!!! This required video is not found! Missing benchmark videos can lead to unfair evaluation result. The missing video is: In a still frame, in the picturesque square, a Gothic-style lamppost adorned with intricate stone carvings added a touch of medieval charm to the setting-2.mp4
WARNING!!! This required video is not found! Missing benchmark videos can lead to unfair evaluation result. The missing video is: In a still frame, in the picturesque square, a Gothic-style lamppost adorned with intricate stone carvings added a touch of medieval charm to the setting-3.mp4
WARNING!!! This required video is not found! Missing benchmark videos can lead to unfair evaluation result. The missing video is: In a still frame, in the picturesque square, a Gothic-style lamppost adorned with intricate stone carvings added a touch of medieval charm to the setting-4.mp4
WARNING!!! This required video is not found! Missing benchmark videos can lead to unfair evaluation result. The missing video is: In a still frame, in the heart of the old city, a row of ornate lantern-style streetlamps bathed the narrow alleyway in a warm, welcoming light-1.mp4
WARNING!!! This required video is not found! Missing benchmark videos can lead to unfair evaluation result. The missing video is: In a still frame, in the heart of the old city, a row of ornate lantern-style streetlamps bathed the narrow alleyway in a warm, welcoming light-2.mp4
WARNING!!! This required video is not found! Missing benchmark videos can lead to unfair evaluation result. The missing video is: In a still frame, in the heart of the old city, a row of ornate lantern-style streetlamps bathed the narrow alleyway in a warm, welcoming light-3.mp4
WARNING!!! This required video is not found! Missing benchmark videos can lead to unfair evaluation result. The missing video is: In a still frame, in the heart of the old city, a row of ornate lantern-style streetlamps bathed the narrow alleyway in a warm, welcoming light-4.mp4
WARNING!!! This required video is not found! Missing benchmark videos can lead to unfair evaluation result. The missing video is: A tranquil tableau of in the heart of the Utah desert, a massive sandstone arch spanned the horizon-1.mp4
WARNING!!! This required video is not found! Missing benchmark videos can lead to unfair evaluation result. The missing video is: A tranquil tableau of in the heart of the Utah desert, a massive sandstone arch spanned the horizon-2.mp4
WARNING!!! This required video is not found! Missing benchmark videos can lead to unfair evaluation result. The missing video is: A tranquil tableau of in the heart of the Utah desert, a massive sandstone arch spanned the horizon-3.mp4
WARNING!!! This required video is not found! Missing benchmark videos can lead to unfair evaluation result. The missing video is: A tranquil tableau of in the heart of the Utah desert, a massive sandstone arch spanned the horizon-4.mp4
WARNING!!! This required video is not found! Missing benchmark videos can lead to unfair evaluation result. The missing video is: A tranquil tableau of in the Arizona desert, a massive stone bridge arched across a rugged canyon-1.mp4
WARNING!!! This required video is not found! Missing benchmark videos can lead to unfair evaluation result. The missing video is: A tranquil tableau of in the Arizona desert, a massive stone bridge arched across a rugged canyon-2.mp4
WARNING!!! This required video is not found! Missing benchmark videos can lead to unfair evaluation result. The missing video is: A tranquil tableau of in the Arizona desert, a massive stone bridge arched across a rugged canyon-3.mp4
WARNING!!! This required video is not found! Missing benchmark videos can lead to unfair evaluation result. The missing video is: A tranquil tableau of in the Arizona desert, a massive stone bridge arched across a rugged canyon-4.mp4
WARNING!!! This required video is not found! Missing benchmark videos can lead to unfair evaluation result. The missing video is: A tranquil tableau of in the corner of the minimalist tea room, a bonsai tree added a touch of nature's beauty to the otherwise simple and elegant space-1.mp4
WARNING!!! This required video is not found! Missing benchmark videos can lead to unfair evaluation result. The missing video is: A tranquil tableau of in the corner of the minimalist tea room, a bonsai tree added a touch of nature's beauty to the otherwise simple and elegant space-2.mp4
WARNING!!! This required video is not found! Missing benchmark videos can lead to unfair evaluation result. The missing video is: A tranquil tableau of in the corner of the minimalist tea room, a bonsai tree added a touch of nature's beauty to the otherwise simple and elegant space-3.mp4
WARNING!!! This required video is not found! Missing benchmark videos can lead to unfair evaluation result. The missing video is: A tranquil tableau of in the corner of the minimalist tea room, a bonsai tree added a touch of nature's beauty to the otherwise simple and elegant space-4.mp4
WARNING!!! This required video is not found! Missing benchmark videos can lead to unfair evaluation result. The missing video is: In a still frame, amidst the hushed ambiance of the traditional tea room, a meticulously arranged tea set awaited, with porcelain cups, a bamboo whisk-1.mp4
WARNING!!! This required video is not found! Missing benchmark videos can lead to unfair evaluation result. The missing video is: In a still frame, amidst the hushed ambiance of the traditional tea room, a meticulously arranged tea set awaited, with porcelain cups, a bamboo whisk-2.mp4
WARNING!!! This required video is not found! Missing benchmark videos can lead to unfair evaluation result. The missing video is: In a still frame, amidst the hushed ambiance of the traditional tea room, a meticulously arranged tea set awaited, with porcelain cups, a bamboo whisk-3.mp4
WARNING!!! This required video is not found! Missing benchmark videos can lead to unfair evaluation result. The missing video is: In a still frame, amidst the hushed ambiance of the traditional tea room, a meticulously arranged tea set awaited, with porcelain cups, a bamboo whisk-4.mp4
WARNING!!! This required video is not found! Missing benchmark videos can lead to unfair evaluation result. The missing video is: In a still frame, nestled in the Zen garden, a rustic teahouse featured tatami seating and a traditional charcoal brazier-1.mp4
WARNING!!! This required video is not found! Missing benchmark videos can lead to unfair evaluation result. The missing video is: In a still frame, nestled in the Zen garden, a rustic teahouse featured tatami seating and a traditional charcoal brazier-2.mp4
WARNING!!! This required video is not found! Missing benchmark videos can lead to unfair evaluation result. The missing video is: In a still frame, nestled in the Zen garden, a rustic teahouse featured tatami seating and a traditional charcoal brazier-3.mp4
WARNING!!! This required video is not found! Missing benchmark videos can lead to unfair evaluation result. The missing video is: In a still frame, nestled in the Zen garden, a rustic teahouse featured tatami seating and a traditional charcoal brazier-4.mp4
WARNING!!! This required video is not found! Missing benchmark videos can lead to unfair evaluation result. The missing video is: A tranquil tableau of a country estate's library featured elegant wooden shelves-1.mp4
WARNING!!! This required video is not found! Missing benchmark videos can lead to unfair evaluation result. The missing video is: A tranquil tableau of a country estate's library featured elegant wooden shelves-2.mp4
WARNING!!! This required video is not found! Missing benchmark videos can lead to unfair evaluation result. The missing video is: A tranquil tableau of a country estate's library featured elegant wooden shelves-3.mp4
WARNING!!! This required video is not found! Missing benchmark videos can lead to unfair evaluation result. The missing video is: A tranquil tableau of a country estate's library featured elegant wooden shelves-4.mp4
WARNING!!! This required video is not found! Missing benchmark videos can lead to unfair evaluation result. The missing video is: A tranquil tableau of beneath the shade of a solitary oak tree, an old wooden park bench sat patiently-1.mp4
WARNING!!! This required video is not found! Missing benchmark videos can lead to unfair evaluation result. The missing video is: A tranquil tableau of beneath the shade of a solitary oak tree, an old wooden park bench sat patiently-2.mp4
WARNING!!! This required video is not found! Missing benchmark videos can lead to unfair evaluation result. The missing video is: A tranquil tableau of beneath the shade of a solitary oak tree, an old wooden park bench sat patiently-3.mp4
WARNING!!! This required video is not found! Missing benchmark videos can lead to unfair evaluation result. The missing video is: A tranquil tableau of beneath the shade of a solitary oak tree, an old wooden park bench sat patiently-4.mp4
WARNING!!! This required video is not found! Missing benchmark videos can lead to unfair evaluation result. The missing video is: A tranquil tableau of beside a tranquil pond, a weeping willow tree draped its branches gracefully over the water's surface, creating a serene tableau of reflection and calm-1.mp4
WARNING!!! This required video is not found! Missing benchmark videos can lead to unfair evaluation result. The missing video is: A tranquil tableau of beside a tranquil pond, a weeping willow tree draped its branches gracefully over the water's surface, creating a serene tableau of reflection and calm-2.mp4
WARNING!!! This required video is not found! Missing benchmark videos can lead to unfair evaluation result. The missing video is: A tranquil tableau of beside a tranquil pond, a weeping willow tree draped its branches gracefully over the water's surface, creating a serene tableau of reflection and calm-3.mp4
WARNING!!! This required video is not found! Missing benchmark videos can lead to unfair evaluation result. The missing video is: A tranquil tableau of beside a tranquil pond, a weeping willow tree draped its branches gracefully over the water's surface, creating a serene tableau of reflection and calm-4.mp4
WARNING!!! This required video is not found! Missing benchmark videos can lead to unfair evaluation result. The missing video is: A tranquil tableau of in the Zen garden, a perfectly raked gravel path led to a serene rock garden-1.mp4
WARNING!!! This required video is not found! Missing benchmark videos can lead to unfair evaluation result. The missing video is: A tranquil tableau of in the Zen garden, a perfectly raked gravel path led to a serene rock garden-2.mp4
WARNING!!! This required video is not found! Missing benchmark videos can lead to unfair evaluation result. The missing video is: A tranquil tableau of in the Zen garden, a perfectly raked gravel path led to a serene rock garden-3.mp4
WARNING!!! This required video is not found! Missing benchmark videos can lead to unfair evaluation result. The missing video is: A tranquil tableau of in the Zen garden, a perfectly raked gravel path led to a serene rock garden-4.mp4
WARNING!!! This required video is not found! Missing benchmark videos can lead to unfair evaluation result. The missing video is: In a still frame, a tranquil pond was fringed by weeping cherry trees, their blossoms drifting lazily onto the glassy surface-1.mp4
WARNING!!! This required video is not found! Missing benchmark videos can lead to unfair evaluation result. The missing video is: In a still frame, a tranquil pond was fringed by weeping cherry trees, their blossoms drifting lazily onto the glassy surface-2.mp4
WARNING!!! This required video is not found! Missing benchmark videos can lead to unfair evaluation result. The missing video is: In a still frame, a tranquil pond was fringed by weeping cherry trees, their blossoms drifting lazily onto the glassy surface-3.mp4
WARNING!!! This required video is not found! Missing benchmark videos can lead to unfair evaluation result. The missing video is: In a still frame, a tranquil pond was fringed by weeping cherry trees, their blossoms drifting lazily onto the glassy surface-4.mp4
WARNING!!! This required video is not found! Missing benchmark videos can lead to unfair evaluation result. The missing video is: In a still frame, within the historic library's reading room, rows of antique leather chairs and mahogany tables offered a serene haven for literary contemplation-1.mp4
WARNING!!! This required video is not found! Missing benchmark videos can lead to unfair evaluation result. The missing video is: In a still frame, within the historic library's reading room, rows of antique leather chairs and mahogany tables offered a serene haven for literary contemplation-2.mp4
WARNING!!! This required video is not found! Missing benchmark videos can lead to unfair evaluation result. The missing video is: In a still frame, within the historic library's reading room, rows of antique leather chairs and mahogany tables offered a serene haven for literary contemplation-3.mp4
WARNING!!! This required video is not found! Missing benchmark videos can lead to unfair evaluation result. The missing video is: In a still frame, within the historic library's reading room, rows of antique leather chairs and mahogany tables offered a serene haven for literary contemplation-4.mp4
WARNING!!! This required video is not found! Missing benchmark videos can lead to unfair evaluation result. The missing video is: A tranquil tableau of a peaceful orchid garden showcased a variety of delicate blooms-1.mp4
WARNING!!! This required video is not found! Missing benchmark videos can lead to unfair evaluation result. The missing video is: A tranquil tableau of a peaceful orchid garden showcased a variety of delicate blooms-2.mp4
WARNING!!! This required video is not found! Missing benchmark videos can lead to unfair evaluation result. The missing video is: A tranquil tableau of a peaceful orchid garden showcased a variety of delicate blooms-3.mp4
WARNING!!! This required video is not found! Missing benchmark videos can lead to unfair evaluation result. The missing video is: A tranquil tableau of a peaceful orchid garden showcased a variety of delicate blooms-4.mp4
WARNING!!! This required video is not found! Missing benchmark videos can lead to unfair evaluation result. The missing video is: A tranquil tableau of in the serene courtyard, a centuries-old stone well stood as a symbol of a bygone era, its mossy stones bearing witness to the passage of time-1.mp4
WARNING!!! This required video is not found! Missing benchmark videos can lead to unfair evaluation result. The missing video is: A tranquil tableau of in the serene courtyard, a centuries-old stone well stood as a symbol of a bygone era, its mossy stones bearing witness to the passage of time-2.mp4
WARNING!!! This required video is not found! Missing benchmark videos can lead to unfair evaluation result. The missing video is: A tranquil tableau of in the serene courtyard, a centuries-old stone well stood as a symbol of a bygone era, its mossy stones bearing witness to the passage of time-3.mp4
WARNING!!! This required video is not found! Missing benchmark videos can lead to unfair evaluation result. The missing video is: A tranquil tableau of in the serene courtyard, a centuries-old stone well stood as a symbol of a bygone era, its mossy stones bearing witness to the passage of time-4.mp4
Evaluation meta data saved to /data/zengxin/zwt/face_study/outputs/official_vbench_v1_consisid/consisid_official_vbench_v1_single_20260705_155651/evaluation/temporal_flickering/results_2026-07-07-07:16:22_full_info.json
cur_full_info_path: /data/zengxin/zwt/face_study/outputs/official_vbench_v1_consisid/consisid_official_vbench_v1_single_20260705_155651/evaluation/temporal_flickering/results_2026-07-07-07:16:22_full_info.json
  0%|          | 0/75 [00:00<?, ?it/s]  1%|▏         | 1/75 [00:00<00:20,  3.64it/s]  3%|▎         | 2/75 [00:00<00:18,  4.00it/s]  4%|▍         | 3/75 [00:00<00:16,  4.24it/s]  5%|▌         | 4/75 [00:00<00:16,  4.37it/s]  7%|▋         | 5/75 [00:01<00:15,  4.41it/s]  8%|▊         | 6/75 [00:01<00:15,  4.46it/s]  9%|▉         | 7/75 [00:01<00:15,  4.47it/s] 11%|█         | 8/75 [00:01<00:14,  4.51it/s] 12%|█▏        | 9/75 [00:02<00:14,  4.53it/s] 13%|█▎        | 10/75 [00:02<00:14,  4.55it/s] 15%|█▍        | 11/75 [00:02<00:14,  4.55it/s] 16%|█▌        | 12/75 [00:02<00:13,  4.55it/s] 17%|█▋        | 13/75 [00:02<00:13,  4.55it/s] 19%|█▊        | 14/75 [00:03<00:13,  4.56it/s] 20%|██        | 15/75 [00:03<00:13,  4.56it/s] 21%|██▏       | 16/75 [00:03<00:12,  4.55it/s] 23%|██▎       | 17/75 [00:03<00:12,  4.56it/s] 24%|██▍       | 18/75 [00:04<00:12,  4.56it/s] 25%|██▌       | 19/75 [00:04<00:12,  4.56it/s] 27%|██▋       | 20/75 [00:04<00:12,  4.55it/s] 28%|██▊       | 21/75 [00:04<00:11,  4.52it/s] 29%|██▉       | 22/75 [00:04<00:11,  4.53it/s] 31%|███       | 23/75 [00:05<00:11,  4.53it/s] 32%|███▏      | 24/75 [00:05<00:11,  4.54it/s] 33%|███▎      | 25/75 [00:05<00:11,  4.55it/s] 35%|███▍      | 26/75 [00:05<00:10,  4.55it/s] 36%|███▌      | 27/75 [00:06<00:10,  4.54it/s] 37%|███▋      | 28/75 [00:06<00:10,  4.55it/s] 39%|███▊      | 29/75 [00:06<00:10,  4.53it/s] 40%|████      | 30/75 [00:06<00:09,  4.54it/s] 41%|████▏     | 31/75 [00:06<00:09,  4.54it/s] 43%|████▎     | 32/75 [00:07<00:09,  4.54it/s] 44%|████▍     | 33/75 [00:07<00:09,  4.52it/s] 45%|████▌     | 34/75 [00:07<00:09,  4.54it/s] 47%|████▋     | 35/75 [00:07<00:08,  4.54it/s] 48%|████▊     | 36/75 [00:07<00:08,  4.59it/s] 49%|████▉     | 37/75 [00:08<00:08,  4.61it/s] 51%|█████     | 38/75 [00:08<00:07,  4.63it/s] 52%|█████▏    | 39/75 [00:08<00:07,  4.63it/s] 53%|█████▎    | 40/75 [00:08<00:07,  4.64it/s] 55%|█████▍    | 41/75 [00:09<00:07,  4.65it/s] 56%|█████▌    | 42/75 [00:09<00:07,  4.66it/s] 57%|█████▋    | 43/75 [00:09<00:06,  4.63it/s] 59%|█████▊    | 44/75 [00:09<00:06,  4.61it/s] 60%|██████    | 45/75 [00:09<00:06,  4.58it/s] 61%|██████▏   | 46/75 [00:10<00:06,  4.56it/s] 63%|██████▎   | 47/75 [00:10<00:06,  4.51it/s] 64%|██████▍   | 48/75 [00:10<00:05,  4.51it/s] 65%|██████▌   | 49/75 [00:10<00:05,  4.53it/s] 67%|██████▋   | 50/75 [00:11<00:05,  4.55it/s] 68%|██████▊   | 51/75 [00:11<00:05,  4.55it/s] 69%|██████▉   | 52/75 [00:11<00:05,  4.56it/s] 71%|███████   | 53/75 [00:11<00:04,  4.56it/s] 72%|███████▏  | 54/75 [00:11<00:04,  4.56it/s] 73%|███████▎  | 55/75 [00:12<00:04,  4.57it/s] 75%|███████▍  | 56/75 [00:12<00:04,  4.57it/s] 76%|███████▌  | 57/75 [00:12<00:03,  4.57it/s] 77%|███████▋  | 58/75 [00:12<00:03,  4.57it/s] 79%|███████▊  | 59/75 [00:13<00:03,  4.57it/s] 80%|████████  | 60/75 [00:13<00:03,  4.59it/s] 81%|████████▏ | 61/75 [00:13<00:03,  4.54it/s] 83%|████████▎ | 62/75 [00:13<00:02,  4.53it/s] 84%|████████▍ | 63/75 [00:13<00:02,  4.55it/s] 85%|████████▌ | 64/75 [00:14<00:02,  4.56it/s] 87%|████████▋ | 65/75 [00:14<00:02,  4.56it/s] 88%|████████▊ | 66/75 [00:14<00:01,  4.57it/s] 89%|████████▉ | 67/75 [00:14<00:01,  4.55it/s] 91%|█████████ | 68/75 [00:14<00:01,  4.54it/s] 92%|█████████▏| 69/75 [00:15<00:01,  4.50it/s] 93%|█████████▎| 70/75 [00:15<00:01,  4.49it/s] 95%|█████████▍| 71/75 [00:15<00:00,  4.50it/s] 96%|█████████▌| 72/75 [00:15<00:00,  4.49it/s] 97%|█████████▋| 73/75 [00:16<00:00,  4.49it/s] 99%|█████████▊| 74/75 [00:16<00:00,  4.47it/s]100%|██████████| 75/75 [00:16<00:00,  4.48it/s]100%|██████████| 75/75 [00:16<00:00,  4.53it/s]
Evaluation results saved to /data/zengxin/zwt/face_study/outputs/official_vbench_v1_consisid/consisid_official_vbench_v1_single_20260705_155651/evaluation/temporal_flickering/results_2026-07-07-07:16:22_eval_results.json
done
[rank0]:[W707 07:16:39.859980733 ProcessGroupNCCL.cpp:1250] Warning: WARNING: process group has NOT been destroyed before we destruct ProcessGroupNCCL. On normal program exit, the application should call destroy_process_group to ensure that any pending NCCL operations have finished in this process. In rare cases this process can exit before this point and block the progress of another member of the process group. This constraint has always been present,  but this warning has only been added since PyTorch 2.4 (function operator())
